<?xml version="1.0" encoding="UTF-8"?>
<coverage generated="1585147898702" clover="3.2.0">
  <project timestamp="1585147898703" name="All files">
    <metrics statements="248" coveredstatements="228" conditionals="117" coveredconditionals="93" methods="89" coveredmethods="82" elements="454" coveredelements="403" complexity="0" loc="248" ncloc="248" packages="4" files="14" classes="14"/>
    <package name="src.components">
      <metrics statements="73" coveredstatements="72" conditionals="13" coveredconditionals="12" methods="19" coveredmethods="19"/>
      <file name="ExpressionBuilderRenderless.ts" path="/Users/huba/repos/vue-expression-builder/src/components/ExpressionBuilderRenderless.ts">
        <metrics statements="30" coveredstatements="30" conditionals="4" coveredconditionals="4" methods="6" coveredmethods="6"/>
        <line num="1" count="4" type="stmt"/>
        <line num="2" count="4" type="stmt"/>
        <line num="3" count="4" type="stmt"/>
        <line num="5" count="4" type="stmt"/>
        <line num="7" count="4" type="stmt"/>
        <line num="9" count="4" type="stmt"/>
        <line num="10" count="4" type="stmt"/>
        <line num="14" count="8" type="stmt"/>
        <line num="18" count="4" type="stmt"/>
        <line num="25" count="10" type="stmt"/>
        <line num="26" count="4" type="stmt"/>
        <line num="32" count="4" type="stmt"/>
        <line num="38" count="4" type="stmt"/>
        <line num="45" count="14" type="stmt"/>
        <line num="51" count="10" type="stmt"/>
        <line num="61" count="7" type="stmt"/>
        <line num="62" count="7" type="stmt"/>
        <line num="64" count="7" type="stmt"/>
        <line num="66" count="2" type="stmt"/>
        <line num="67" count="2" type="stmt"/>
        <line num="69" count="2" type="stmt"/>
        <line num="70" count="2" type="stmt"/>
        <line num="72" count="2" type="stmt"/>
        <line num="73" count="2" type="stmt"/>
        <line num="75" count="1" type="stmt"/>
        <line num="76" count="1" type="stmt"/>
        <line num="79" count="7" type="stmt"/>
        <line num="81" count="7" type="stmt"/>
        <line num="85" count="10" type="stmt"/>
        <line num="89" count="9" type="stmt"/>
      </file>
      <file name="ExpressionNodeBase.ts" path="/Users/huba/repos/vue-expression-builder/src/components/ExpressionNodeBase.ts">
        <metrics statements="17" coveredstatements="17" conditionals="7" coveredconditionals="7" methods="4" coveredmethods="4"/>
        <line num="1" count="3" type="stmt"/>
        <line num="3" count="3" type="stmt"/>
        <line num="5" count="3" type="stmt"/>
        <line num="11" count="3" type="stmt"/>
        <line num="12" count="16" type="cond" truecount="2" falsecount="0"/>
        <line num="13" count="7" type="stmt"/>
        <line num="15" count="9" type="stmt"/>
        <line num="19" count="6" type="stmt"/>
        <line num="25" count="3" type="stmt"/>
        <line num="31" count="3" type="stmt"/>
        <line num="36" count="3" type="stmt"/>
        <line num="46" count="7" type="stmt"/>
        <line num="47" count="7" type="cond" truecount="2" falsecount="0"/>
        <line num="48" count="2" type="stmt"/>
        <line num="49" count="7" type="stmt"/>
        <line num="56" count="1" type="stmt"/>
        <line num="60" count="8" type="stmt"/>
      </file>
      <file name="ExpressionNodeGroupRenderless.ts" path="/Users/huba/repos/vue-expression-builder/src/components/ExpressionNodeGroupRenderless.ts">
        <metrics statements="17" coveredstatements="16" conditionals="2" coveredconditionals="1" methods="6" coveredmethods="6"/>
        <line num="1" count="2" type="stmt"/>
        <line num="2" count="2" type="stmt"/>
        <line num="3" count="2" type="stmt"/>
        <line num="5" count="2" type="stmt"/>
        <line num="6" count="2" type="stmt"/>
        <line num="9" count="4" type="stmt"/>
        <line num="15" count="2" type="stmt"/>
        <line num="24" count="2" type="stmt"/>
        <line num="33" count="2" type="stmt"/>
        <line num="41" count="1" type="stmt"/>
        <line num="49" count="1" type="stmt"/>
        <line num="56" count="1" type="stmt"/>
        <line num="57" count="1" type="cond" truecount="1" falsecount="1"/>
        <line num="58" count="0" type="stmt"/>
        <line num="60" count="1" type="stmt"/>
        <line num="61" count="1" type="stmt"/>
        <line num="65" count="6" type="stmt"/>
      </file>
      <file name="ExpressionNodeRenderless.ts" path="/Users/huba/repos/vue-expression-builder/src/components/ExpressionNodeRenderless.ts">
        <metrics statements="8" coveredstatements="8" conditionals="0" coveredconditionals="0" methods="3" coveredmethods="3"/>
        <line num="1" count="1" type="stmt"/>
        <line num="2" count="1" type="stmt"/>
        <line num="3" count="1" type="stmt"/>
        <line num="7" count="2" type="stmt"/>
        <line num="13" count="1" type="stmt"/>
        <line num="22" count="1" type="stmt"/>
        <line num="33" count="1" type="stmt"/>
        <line num="37" count="2" type="stmt"/>
      </file>
      <file name="Utils.ts" path="/Users/huba/repos/vue-expression-builder/src/components/Utils.ts">
        <metrics statements="1" coveredstatements="1" conditionals="0" coveredconditionals="0" methods="0" coveredmethods="0"/>
        <line num="9" count="4" type="stmt"/>
      </file>
    </package>
    <package name="src.conditions">
      <metrics statements="35" coveredstatements="28" conditionals="25" coveredconditionals="12" methods="14" coveredmethods="12"/>
      <file name="ConditionProvider.ts" path="/Users/huba/repos/vue-expression-builder/src/conditions/ConditionProvider.ts">
        <metrics statements="31" coveredstatements="24" conditionals="25" coveredconditionals="12" methods="12" coveredmethods="10"/>
        <line num="7" count="4" type="stmt"/>
        <line num="11" count="10" type="stmt"/>
        <line num="12" count="10" type="stmt"/>
        <line num="15" count="10" type="cond" truecount="1" falsecount="1"/>
        <line num="16" count="0" type="stmt"/>
        <line num="17" count="10" type="cond" truecount="1" falsecount="1"/>
        <line num="18" count="0" type="stmt"/>
        <line num="19" count="10" type="stmt"/>
        <line num="23" count="2" type="stmt"/>
        <line num="27" count="2" type="stmt"/>
        <line num="33" count="32" type="stmt"/>
        <line num="34" count="2" type="cond" truecount="1" falsecount="1"/>
        <line num="35" count="2" type="stmt"/>
        <line num="36" count="2" type="cond" truecount="1" falsecount="1"/>
        <line num="37" count="2" type="stmt"/>
        <line num="45" count="0" type="stmt"/>
        <line num="49" count="10" type="stmt"/>
        <line num="50" count="160" type="stmt"/>
        <line num="51" count="10" type="cond" truecount="1" falsecount="1"/>
        <line num="53" count="10" type="stmt"/>
        <line num="54" count="10" type="stmt"/>
        <line num="63" count="10" type="cond" truecount="2" falsecount="2"/>
        <line num="65" count="10" type="stmt"/>
        <line num="67" count="160" type="cond" truecount="1" falsecount="1"/>
        <line num="70" count="160" type="stmt"/>
        <line num="73" count="0" type="cond" truecount="0" falsecount="4"/>
        <line num="76" count="0" type="stmt"/>
        <line num="79" count="0" type="stmt"/>
        <line num="82" count="10" type="cond" truecount="1" falsecount="1"/>
        <line num="83" count="0" type="stmt"/>
        <line num="86" count="10" type="stmt"/>
      </file>
      <file name="Defaults.ts" path="/Users/huba/repos/vue-expression-builder/src/conditions/Defaults.ts">
        <metrics statements="4" coveredstatements="4" conditionals="0" coveredconditionals="0" methods="2" coveredmethods="2"/>
        <line num="3" count="6" type="stmt"/>
        <line num="10" count="6" type="stmt"/>
        <line num="29" count="6" type="stmt"/>
        <line num="70" count="320" type="stmt"/>
      </file>
    </package>
    <package name="src.core">
      <metrics statements="137" coveredstatements="125" conditionals="79" coveredconditionals="69" methods="56" coveredmethods="51"/>
      <file name="Errors.ts" path="/Users/huba/repos/vue-expression-builder/src/core/Errors.ts">
        <metrics statements="12" coveredstatements="4" conditionals="2" coveredconditionals="0" methods="5" coveredmethods="0"/>
        <line num="1" count="8" type="stmt"/>
        <line num="12" count="8" type="stmt"/>
        <line num="13" count="0" type="stmt"/>
        <line num="14" count="0" type="stmt"/>
        <line num="15" count="0" type="stmt"/>
        <line num="16" count="0" type="stmt"/>
        <line num="25" count="8" type="stmt"/>
        <line num="26" count="0" type="stmt"/>
        <line num="27" count="0" type="cond" truecount="0" falsecount="2"/>
        <line num="28" count="0" type="stmt"/>
        <line num="29" count="0" type="stmt"/>
        <line num="32" count="8" type="stmt"/>
      </file>
      <file name="ExpressionBuilder.ts" path="/Users/huba/repos/vue-expression-builder/src/core/ExpressionBuilder.ts">
        <metrics statements="48" coveredstatements="48" conditionals="33" coveredconditionals="30" methods="17" coveredmethods="17"/>
        <line num="2" count="8" type="stmt"/>
        <line num="3" count="8" type="stmt"/>
        <line num="11" count="26" type="stmt"/>
        <line num="16" count="26" type="stmt"/>
        <line num="17" count="26" type="stmt"/>
        <line num="21" count="66" type="stmt"/>
        <line num="25" count="56" type="cond" truecount="3" falsecount="0"/>
        <line num="32" count="56" type="cond" truecount="2" falsecount="0"/>
        <line num="33" count="54" type="stmt"/>
        <line num="35" count="54" type="cond" truecount="2" falsecount="0"/>
        <line num="36" count="23" type="cond" truecount="4" falsecount="0"/>
        <line num="37" count="1" type="stmt"/>
        <line num="38" count="1" type="stmt"/>
        <line num="40" count="22" type="stmt"/>
        <line num="41" count="22" type="stmt"/>
        <line num="42" count="22" type="stmt"/>
        <line num="44" count="53" type="stmt"/>
        <line num="45" count="53" type="cond" truecount="2" falsecount="0"/>
        <line num="46" count="53" type="stmt"/>
        <line num="48" count="2" type="stmt"/>
        <line num="49" count="2" type="stmt"/>
        <line num="53" count="4" type="stmt"/>
        <line num="57" count="5" type="stmt"/>
        <line num="61" count="45" type="stmt"/>
        <line num="65" count="46" type="stmt"/>
        <line num="69" count="4" type="stmt"/>
        <line num="73" count="5" type="stmt"/>
        <line num="77" count="3" type="cond" truecount="4" falsecount="0"/>
        <line num="78" count="2" type="stmt"/>
        <line num="79" count="1" type="stmt"/>
        <line num="80" count="3" type="stmt"/>
        <line num="84" count="3" type="cond" truecount="1" falsecount="1"/>
        <line num="85" count="3" type="stmt"/>
        <line num="86" count="3" type="stmt"/>
        <line num="90" count="9" type="stmt"/>
        <line num="91" count="9" type="stmt"/>
        <line num="101" count="18" type="stmt"/>
        <line num="102" count="18" type="cond" truecount="4" falsecount="0"/>
        <line num="103" count="15" type="cond" truecount="2" falsecount="0"/>
        <line num="104" count="7" type="stmt"/>
        <line num="106" count="8" type="stmt"/>
        <line num="108" count="3" type="cond" truecount="2" falsecount="0"/>
        <line num="109" count="2" type="stmt"/>
        <line num="110" count="3" type="stmt"/>
        <line num="114" count="10" type="stmt"/>
        <line num="115" count="10" type="stmt"/>
        <line num="119" count="1" type="stmt"/>
        <line num="123" count="6" type="stmt"/>
      </file>
      <file name="ExpressionNode.ts" path="/Users/huba/repos/vue-expression-builder/src/core/ExpressionNode.ts">
        <metrics statements="11" coveredstatements="10" conditionals="3" coveredconditionals="2" methods="6" coveredmethods="6"/>
        <line num="1" count="8" type="stmt"/>
        <line num="2" count="8" type="stmt"/>
        <line num="8" count="64" type="stmt"/>
        <line num="15" count="62" type="stmt"/>
        <line num="19" count="62" type="stmt"/>
        <line num="22" count="62" type="stmt"/>
        <line num="26" count="50" type="stmt"/>
        <line num="30" count="62" type="cond" truecount="1" falsecount="1"/>
        <line num="31" count="0" type="stmt"/>
        <line num="38" count="44" type="stmt"/>
        <line num="47" count="29" type="stmt"/>
      </file>
      <file name="ExpressionNodeBase.ts" path="/Users/huba/repos/vue-expression-builder/src/core/ExpressionNodeBase.ts">
        <metrics statements="7" coveredstatements="6" conditionals="4" coveredconditionals="3" methods="3" coveredmethods="3"/>
        <line num="2" count="8" type="stmt"/>
        <line num="9" count="128" type="stmt"/>
        <line num="13" count="349" type="stmt"/>
        <line num="17" count="225" type="cond" truecount="2" falsecount="0"/>
        <line num="18" count="140" type="stmt"/>
        <line num="19" count="85" type="cond" truecount="1" falsecount="1"/>
        <line num="20" count="0" type="stmt"/>
      </file>
      <file name="ExpressionNodeGroup.ts" path="/Users/huba/repos/vue-expression-builder/src/core/ExpressionNodeGroup.ts">
        <metrics statements="57" coveredstatements="55" conditionals="33" coveredconditionals="30" methods="23" coveredmethods="23"/>
        <line num="1" count="8" type="stmt"/>
        <line num="8" count="8" type="stmt"/>
        <line num="9" count="8" type="stmt"/>
        <line num="11" count="8" type="stmt"/>
        <line num="16" count="8" type="stmt"/>
        <line num="21" count="93" type="stmt"/>
        <line num="24" count="66" type="stmt"/>
        <line num="25" count="66" type="stmt"/>
        <line num="26" count="66" type="stmt"/>
        <line num="27" count="66" type="stmt"/>
        <line num="31" count="66" type="stmt"/>
        <line num="32" count="66" type="stmt"/>
        <line num="33" count="66" type="stmt"/>
        <line num="34" count="66" type="stmt"/>
        <line num="35" count="66" type="stmt"/>
        <line num="36" count="66" type="stmt"/>
        <line num="40" count="66" type="cond" truecount="1" falsecount="1"/>
        <line num="41" count="66" type="stmt"/>
        <line num="43" count="0" type="stmt"/>
        <line num="47" count="75" type="stmt"/>
        <line num="51" count="98" type="stmt"/>
        <line num="52" count="43" type="cond" truecount="1" falsecount="1"/>
        <line num="53" count="43" type="stmt"/>
        <line num="54" count="43" type="stmt"/>
        <line num="56" count="0" type="stmt"/>
        <line num="61" count="165" type="stmt"/>
        <line num="65" count="89" type="cond" truecount="4" falsecount="0"/>
        <line num="66" count="88" type="stmt"/>
        <line num="68" count="1" type="stmt"/>
        <line num="72" count="116" type="stmt"/>
        <line num="80" count="89" type="cond" truecount="6" falsecount="0"/>
        <line num="81" count="88" type="stmt"/>
        <line num="83" count="1" type="stmt"/>
        <line num="87" count="71" type="stmt"/>
        <line num="94" count="21" type="cond" truecount="2" falsecount="0"/>
        <line num="96" count="31" type="stmt"/>
        <line num="101" count="60" type="cond" truecount="2" falsecount="0"/>
        <line num="107" count="32" type="stmt"/>
        <line num="113" count="32" type="stmt"/>
        <line num="114" count="43" type="stmt"/>
        <line num="117" count="32" type="stmt"/>
        <line num="132" count="15" type="cond" truecount="2" falsecount="0"/>
        <line num="133" count="32" type="stmt"/>
        <line num="135" count="32" type="stmt"/>
        <line num="136" count="15" type="stmt"/>
        <line num="137" count="24" type="cond" truecount="2" falsecount="0"/>
        <line num="138" count="12" type="stmt"/>
        <line num="140" count="12" type="stmt"/>
        <line num="142" count="15" type="stmt"/>
        <line num="143" count="8" type="cond" truecount="2" falsecount="0"/>
        <line num="144" count="5" type="stmt"/>
        <line num="145" count="5" type="stmt"/>
        <line num="146" count="6" type="stmt"/>
        <line num="147" count="14" type="stmt"/>
        <line num="148" count="5" type="stmt"/>
        <line num="149" count="3" type="stmt"/>
        <line num="151" count="15" type="stmt"/>
      </file>
      <file name="Interfaces.ts" path="/Users/huba/repos/vue-expression-builder/src/core/Interfaces.ts">
        <metrics statements="2" coveredstatements="2" conditionals="4" coveredconditionals="4" methods="2" coveredmethods="2"/>
        <line num="18" count="43" type="cond" truecount="2" falsecount="0"/>
        <line num="30" count="62" type="cond" truecount="2" falsecount="0"/>
      </file>
    </package>
    <package name="tests">
      <metrics statements="3" coveredstatements="3" conditionals="0" coveredconditionals="0" methods="0" coveredmethods="0"/>
      <file name="utils.ts" path="/Users/huba/repos/vue-expression-builder/tests/utils.ts">
        <metrics statements="3" coveredstatements="3" conditionals="0" coveredconditionals="0" methods="0" coveredmethods="0"/>
        <line num="3" count="6" type="stmt"/>
        <line num="5" count="6" type="stmt"/>
        <line num="25" count="6" type="stmt"/>
      </file>
    </package>
  </project>
</coverage>
