<?xml version="1.0" encoding="UTF-8"?>
<coverage generated="1585312045672" clover="3.2.0">
  <project timestamp="1585312045673" name="All files">
    <metrics statements="267" coveredstatements="250" conditionals="128" coveredconditionals="109" methods="95" coveredmethods="89" elements="490" coveredelements="448" complexity="0" loc="267" ncloc="267" packages="4" files="14" classes="14"/>
    <package name="src.components">
      <metrics statements="72" coveredstatements="71" conditionals="15" coveredconditionals="14" methods="19" coveredmethods="19"/>
      <file name="ExpressionBuilderRenderless.ts" path="/Users/huba/repos/vue-expression-builder/src/components/ExpressionBuilderRenderless.ts">
        <metrics statements="31" coveredstatements="31" conditionals="4" coveredconditionals="4" methods="6" coveredmethods="6"/>
        <line num="1" count="6" type="stmt"/>
        <line num="2" count="6" type="stmt"/>
        <line num="3" count="6" type="stmt"/>
        <line num="5" count="6" type="stmt"/>
        <line num="11" count="6" type="stmt"/>
        <line num="13" count="6" type="stmt"/>
        <line num="14" count="6" type="stmt"/>
        <line num="18" count="12" type="stmt"/>
        <line num="23" count="6" type="stmt"/>
        <line num="30" count="9" type="stmt"/>
        <line num="31" count="6" type="stmt"/>
        <line num="37" count="6" type="stmt"/>
        <line num="43" count="6" type="stmt"/>
        <line num="49" count="6" type="stmt"/>
        <line num="56" count="15" type="stmt"/>
        <line num="63" count="9" type="stmt"/>
        <line num="73" count="6" type="stmt"/>
        <line num="74" count="6" type="stmt"/>
        <line num="76" count="6" type="stmt"/>
        <line num="78" count="1" type="stmt"/>
        <line num="79" count="1" type="stmt"/>
        <line num="81" count="2" type="stmt"/>
        <line num="82" count="2" type="stmt"/>
        <line num="84" count="2" type="stmt"/>
        <line num="85" count="2" type="stmt"/>
        <line num="87" count="1" type="stmt"/>
        <line num="88" count="1" type="stmt"/>
        <line num="91" count="6" type="stmt"/>
        <line num="93" count="6" type="stmt"/>
        <line num="97" count="9" type="stmt"/>
        <line num="101" count="8" type="stmt"/>
      </file>
      <file name="ExpressionNodeBase.ts" path="/Users/huba/repos/vue-expression-builder/src/components/ExpressionNodeBase.ts">
        <metrics statements="17" coveredstatements="17" conditionals="7" coveredconditionals="7" methods="4" coveredmethods="4"/>
        <line num="1" count="5" type="stmt"/>
        <line num="3" count="5" type="stmt"/>
        <line num="5" count="5" type="stmt"/>
        <line num="11" count="5" type="stmt"/>
        <line num="12" count="28" type="cond" truecount="2" falsecount="0"/>
        <line num="13" count="12" type="stmt"/>
        <line num="15" count="16" type="stmt"/>
        <line num="19" count="10" type="stmt"/>
        <line num="25" count="5" type="stmt"/>
        <line num="31" count="5" type="stmt"/>
        <line num="37" count="5" type="stmt"/>
        <line num="47" count="12" type="stmt"/>
        <line num="48" count="12" type="cond" truecount="2" falsecount="0"/>
        <line num="49" count="4" type="stmt"/>
        <line num="50" count="12" type="stmt"/>
        <line num="57" count="2" type="stmt"/>
        <line num="61" count="19" type="stmt"/>
      </file>
      <file name="ExpressionNodeGroupRenderless.ts" path="/Users/huba/repos/vue-expression-builder/src/components/ExpressionNodeGroupRenderless.ts">
        <metrics statements="15" coveredstatements="14" conditionals="4" coveredconditionals="3" methods="6" coveredmethods="6"/>
        <line num="1" count="3" type="stmt"/>
        <line num="2" count="3" type="stmt"/>
        <line num="3" count="3" type="stmt"/>
        <line num="5" count="3" type="stmt"/>
        <line num="6" count="3" type="stmt"/>
        <line num="9" count="6" type="stmt"/>
        <line num="15" count="3" type="stmt"/>
        <line num="24" count="4" type="stmt"/>
        <line num="33" count="4" type="stmt"/>
        <line num="41" count="2" type="cond" truecount="2" falsecount="0"/>
        <line num="49" count="2" type="stmt"/>
        <line num="56" count="1" type="cond" truecount="1" falsecount="1"/>
        <line num="57" count="0" type="stmt"/>
        <line num="59" count="1" type="stmt"/>
        <line num="63" count="15" type="stmt"/>
      </file>
      <file name="ExpressionNodeRenderless.ts" path="/Users/huba/repos/vue-expression-builder/src/components/ExpressionNodeRenderless.ts">
        <metrics statements="8" coveredstatements="8" conditionals="0" coveredconditionals="0" methods="3" coveredmethods="3"/>
        <line num="1" count="2" type="stmt"/>
        <line num="2" count="2" type="stmt"/>
        <line num="3" count="2" type="stmt"/>
        <line num="7" count="4" type="stmt"/>
        <line num="13" count="2" type="stmt"/>
        <line num="22" count="2" type="stmt"/>
        <line num="33" count="2" type="stmt"/>
        <line num="37" count="4" type="stmt"/>
      </file>
      <file name="Utils.ts" path="/Users/huba/repos/vue-expression-builder/src/components/Utils.ts">
        <metrics statements="1" coveredstatements="1" conditionals="0" coveredconditionals="0" methods="0" coveredmethods="0"/>
        <line num="9" count="6" type="stmt"/>
      </file>
    </package>
    <package name="src.conditions">
      <metrics statements="53" coveredstatements="49" conditionals="36" coveredconditionals="29" methods="20" coveredmethods="19"/>
      <file name="ConditionFactory.ts" path="/Users/huba/repos/vue-expression-builder/src/conditions/ConditionFactory.ts">
        <metrics statements="45" coveredstatements="41" conditionals="36" coveredconditionals="29" methods="16" coveredmethods="15"/>
        <line num="7" count="10" type="stmt"/>
        <line num="16" count="29" type="stmt"/>
        <line num="17" count="29" type="stmt"/>
        <line num="18" count="29" type="stmt"/>
        <line num="21" count="29" type="cond" truecount="2" falsecount="0"/>
        <line num="22" count="29" type="cond" truecount="2" falsecount="0"/>
        <line num="24" count="29" type="cond" truecount="2" falsecount="0"/>
        <line num="25" count="1" type="stmt"/>
        <line num="26" count="28" type="cond" truecount="2" falsecount="0"/>
        <line num="27" count="1" type="stmt"/>
        <line num="28" count="27" type="cond" truecount="2" falsecount="0"/>
        <line num="29" count="1" type="stmt"/>
        <line num="30" count="26" type="stmt"/>
        <line num="34" count="11" type="stmt"/>
        <line num="38" count="4" type="stmt"/>
        <line num="42" count="38" type="stmt"/>
        <line num="49" count="29" type="stmt"/>
        <line num="50" count="10" type="cond" truecount="2" falsecount="0"/>
        <line num="52" count="16" type="stmt"/>
        <line num="53" count="9" type="cond" truecount="2" falsecount="0"/>
        <line num="54" count="1" type="stmt"/>
        <line num="56" count="8" type="cond" truecount="2" falsecount="0"/>
        <line num="57" count="1" type="stmt"/>
        <line num="59" count="14" type="stmt"/>
        <line num="60" count="7" type="cond" truecount="1" falsecount="1"/>
        <line num="61" count="0" type="stmt"/>
        <line num="62" count="0" type="stmt"/>
        <line num="64" count="7" type="stmt"/>
        <line num="72" count="1" type="stmt"/>
        <line num="73" count="18" type="stmt"/>
        <line num="77" count="26" type="stmt"/>
        <line num="78" count="31" type="stmt"/>
        <line num="86" count="58" type="cond" truecount="2" falsecount="0"/>
        <line num="87" count="1" type="stmt"/>
        <line num="89" count="30" type="cond" truecount="2" falsecount="3"/>
        <line num="90" count="0" type="stmt"/>
        <line num="93" count="30" type="cond" truecount="2" falsecount="2"/>
        <line num="96" count="51" type="stmt"/>
        <line num="98" count="30" type="cond" truecount="1" falsecount="1"/>
        <line num="99" count="0" type="stmt"/>
        <line num="102" count="30" type="stmt"/>
        <line num="103" count="540" type="stmt"/>
        <line num="105" count="30" type="cond" truecount="2" falsecount="0"/>
        <line num="106" count="1" type="stmt"/>
        <line num="110" count="29" type="stmt"/>
      </file>
      <file name="Defaults.ts" path="/Users/huba/repos/vue-expression-builder/src/conditions/Defaults.ts">
        <metrics statements="8" coveredstatements="8" conditionals="0" coveredconditionals="0" methods="4" coveredmethods="4"/>
        <line num="6" count="10" type="stmt"/>
        <line num="19" count="10" type="stmt"/>
        <line num="33" count="10" type="stmt"/>
        <line num="58" count="10" type="stmt"/>
        <line num="111" count="10" type="stmt"/>
        <line num="133" count="10" type="stmt"/>
        <line num="142" count="990" type="stmt"/>
        <line num="150" count="301" type="stmt"/>
      </file>
    </package>
    <package name="src.core">
      <metrics statements="136" coveredstatements="124" conditionals="77" coveredconditionals="66" methods="55" coveredmethods="50"/>
      <file name="Errors.ts" path="/Users/huba/repos/vue-expression-builder/src/core/Errors.ts">
        <metrics statements="12" coveredstatements="4" conditionals="2" coveredconditionals="0" methods="5" coveredmethods="0"/>
        <line num="1" count="10" type="stmt"/>
        <line num="12" count="10" type="stmt"/>
        <line num="13" count="0" type="stmt"/>
        <line num="14" count="0" type="stmt"/>
        <line num="15" count="0" type="stmt"/>
        <line num="16" count="0" type="stmt"/>
        <line num="25" count="10" type="stmt"/>
        <line num="26" count="0" type="stmt"/>
        <line num="27" count="0" type="cond" truecount="0" falsecount="2"/>
        <line num="28" count="0" type="stmt"/>
        <line num="29" count="0" type="stmt"/>
        <line num="32" count="10" type="stmt"/>
      </file>
      <file name="ExpressionBuilder.ts" path="/Users/huba/repos/vue-expression-builder/src/core/ExpressionBuilder.ts">
        <metrics statements="48" coveredstatements="48" conditionals="33" coveredconditionals="29" methods="17" coveredmethods="17"/>
        <line num="2" count="10" type="stmt"/>
        <line num="3" count="10" type="stmt"/>
        <line num="11" count="25" type="stmt"/>
        <line num="16" count="25" type="stmt"/>
        <line num="17" count="25" type="stmt"/>
        <line num="21" count="63" type="stmt"/>
        <line num="25" count="55" type="cond" truecount="3" falsecount="0"/>
        <line num="32" count="55" type="cond" truecount="2" falsecount="0"/>
        <line num="33" count="53" type="stmt"/>
        <line num="35" count="53" type="cond" truecount="2" falsecount="0"/>
        <line num="36" count="22" type="cond" truecount="4" falsecount="0"/>
        <line num="37" count="1" type="stmt"/>
        <line num="38" count="1" type="stmt"/>
        <line num="40" count="21" type="stmt"/>
        <line num="41" count="21" type="stmt"/>
        <line num="42" count="21" type="stmt"/>
        <line num="44" count="52" type="stmt"/>
        <line num="45" count="52" type="cond" truecount="2" falsecount="0"/>
        <line num="46" count="52" type="stmt"/>
        <line num="48" count="2" type="stmt"/>
        <line num="49" count="2" type="stmt"/>
        <line num="53" count="4" type="stmt"/>
        <line num="57" count="5" type="stmt"/>
        <line num="61" count="45" type="stmt"/>
        <line num="65" count="46" type="stmt"/>
        <line num="69" count="3" type="stmt"/>
        <line num="73" count="4" type="stmt"/>
        <line num="77" count="3" type="cond" truecount="4" falsecount="0"/>
        <line num="78" count="2" type="stmt"/>
        <line num="79" count="1" type="stmt"/>
        <line num="80" count="3" type="stmt"/>
        <line num="84" count="3" type="cond" truecount="1" falsecount="1"/>
        <line num="85" count="3" type="stmt"/>
        <line num="86" count="3" type="stmt"/>
        <line num="90" count="8" type="stmt"/>
        <line num="91" count="8" type="stmt"/>
        <line num="101" count="17" type="stmt"/>
        <line num="102" count="17" type="cond" truecount="4" falsecount="0"/>
        <line num="103" count="15" type="cond" truecount="2" falsecount="0"/>
        <line num="104" count="7" type="stmt"/>
        <line num="106" count="8" type="stmt"/>
        <line num="108" count="2" type="cond" truecount="1" falsecount="1"/>
        <line num="109" count="2" type="stmt"/>
        <line num="110" count="2" type="stmt"/>
        <line num="114" count="9" type="stmt"/>
        <line num="115" count="9" type="stmt"/>
        <line num="119" count="1" type="stmt"/>
        <line num="123" count="6" type="stmt"/>
      </file>
      <file name="ExpressionNode.ts" path="/Users/huba/repos/vue-expression-builder/src/core/ExpressionNode.ts">
        <metrics statements="11" coveredstatements="10" conditionals="3" coveredconditionals="2" methods="6" coveredmethods="6"/>
        <line num="1" count="10" type="stmt"/>
        <line num="8" count="68" type="stmt"/>
        <line num="15" count="66" type="stmt"/>
        <line num="19" count="66" type="stmt"/>
        <line num="22" count="66" type="stmt"/>
        <line num="26" count="52" type="stmt"/>
        <line num="30" count="66" type="cond" truecount="1" falsecount="1"/>
        <line num="31" count="66" type="stmt"/>
        <line num="32" count="0" type="stmt"/>
        <line num="39" count="43" type="stmt"/>
        <line num="48" count="30" type="stmt"/>
      </file>
      <file name="ExpressionNodeBase.ts" path="/Users/huba/repos/vue-expression-builder/src/core/ExpressionNodeBase.ts">
        <metrics statements="7" coveredstatements="6" conditionals="4" coveredconditionals="3" methods="3" coveredmethods="3"/>
        <line num="2" count="10" type="stmt"/>
        <line num="9" count="135" type="stmt"/>
        <line num="13" count="401" type="stmt"/>
        <line num="17" count="233" type="cond" truecount="2" falsecount="0"/>
        <line num="18" count="143" type="stmt"/>
        <line num="19" count="90" type="cond" truecount="1" falsecount="1"/>
        <line num="20" count="0" type="stmt"/>
      </file>
      <file name="ExpressionNodeGroup.ts" path="/Users/huba/repos/vue-expression-builder/src/core/ExpressionNodeGroup.ts">
        <metrics statements="57" coveredstatements="55" conditionals="33" coveredconditionals="30" methods="23" coveredmethods="23"/>
        <line num="1" count="10" type="stmt"/>
        <line num="8" count="10" type="stmt"/>
        <line num="9" count="10" type="stmt"/>
        <line num="11" count="10" type="stmt"/>
        <line num="16" count="10" type="stmt"/>
        <line num="21" count="98" type="stmt"/>
        <line num="24" count="69" type="stmt"/>
        <line num="25" count="69" type="stmt"/>
        <line num="26" count="69" type="stmt"/>
        <line num="27" count="69" type="stmt"/>
        <line num="31" count="69" type="stmt"/>
        <line num="32" count="69" type="stmt"/>
        <line num="33" count="69" type="stmt"/>
        <line num="34" count="69" type="stmt"/>
        <line num="35" count="69" type="stmt"/>
        <line num="36" count="69" type="stmt"/>
        <line num="40" count="70" type="cond" truecount="1" falsecount="1"/>
        <line num="41" count="70" type="stmt"/>
        <line num="43" count="0" type="stmt"/>
        <line num="47" count="73" type="stmt"/>
        <line num="51" count="102" type="stmt"/>
        <line num="52" count="45" type="cond" truecount="1" falsecount="1"/>
        <line num="54" count="45" type="stmt"/>
        <line num="55" count="45" type="stmt"/>
        <line num="57" count="0" type="stmt"/>
        <line num="62" count="193" type="stmt"/>
        <line num="66" count="91" type="cond" truecount="4" falsecount="0"/>
        <line num="67" count="90" type="stmt"/>
        <line num="69" count="1" type="stmt"/>
        <line num="73" count="114" type="stmt"/>
        <line num="81" count="91" type="cond" truecount="6" falsecount="0"/>
        <line num="82" count="90" type="stmt"/>
        <line num="84" count="1" type="stmt"/>
        <line num="88" count="69" type="stmt"/>
        <line num="95" count="18" type="cond" truecount="2" falsecount="0"/>
        <line num="97" count="27" type="stmt"/>
        <line num="102" count="61" type="cond" truecount="2" falsecount="0"/>
        <line num="108" count="33" type="stmt"/>
        <line num="114" count="33" type="stmt"/>
        <line num="115" count="45" type="stmt"/>
        <line num="118" count="33" type="stmt"/>
        <line num="133" count="15" type="cond" truecount="2" falsecount="0"/>
        <line num="134" count="32" type="stmt"/>
        <line num="136" count="32" type="stmt"/>
        <line num="137" count="15" type="stmt"/>
        <line num="138" count="24" type="cond" truecount="2" falsecount="0"/>
        <line num="139" count="12" type="stmt"/>
        <line num="141" count="12" type="stmt"/>
        <line num="143" count="15" type="stmt"/>
        <line num="144" count="8" type="cond" truecount="2" falsecount="0"/>
        <line num="145" count="5" type="stmt"/>
        <line num="146" count="5" type="stmt"/>
        <line num="147" count="6" type="stmt"/>
        <line num="148" count="14" type="stmt"/>
        <line num="149" count="5" type="stmt"/>
        <line num="150" count="3" type="stmt"/>
        <line num="152" count="15" type="stmt"/>
      </file>
      <file name="Interfaces.ts" path="/Users/huba/repos/vue-expression-builder/src/core/Interfaces.ts">
        <metrics statements="1" coveredstatements="1" conditionals="2" coveredconditionals="2" methods="1" coveredmethods="1"/>
        <line num="18" count="45" type="cond" truecount="2" falsecount="0"/>
      </file>
    </package>
    <package name="tests">
      <metrics statements="6" coveredstatements="6" conditionals="0" coveredconditionals="0" methods="1" coveredmethods="1"/>
      <file name="utils.ts" path="/Users/huba/repos/vue-expression-builder/tests/utils.ts">
        <metrics statements="6" coveredstatements="6" conditionals="0" coveredconditionals="0" methods="1" coveredmethods="1"/>
        <line num="3" count="10" type="stmt"/>
        <line num="4" count="10" type="stmt"/>
        <line num="6" count="10" type="stmt"/>
        <line num="26" count="10" type="stmt"/>
        <line num="34" count="10" type="stmt"/>
        <line num="35" count="12" type="stmt"/>
      </file>
    </package>
  </project>
</coverage>
