{"/Users/huba/repos/vue-expression-builder/src/components/ExpressionBuilderRenderless.ts": {"path":"/Users/huba/repos/vue-expression-builder/src/components/ExpressionBuilderRenderless.ts","statementMap":{"0":{"start":{"line":1,"column":0},"end":{"line":1,"column":null}},"1":{"start":{"line":2,"column":0},"end":{"line":2,"column":null}},"2":{"start":{"line":3,"column":0},"end":{"line":3,"column":null}},"3":{"start":{"line":5,"column":0},"end":{"line":5,"column":null}},"4":{"start":{"line":11,"column":0},"end":{"line":11,"column":null}},"5":{"start":{"line":13,"column":37},"end":{"line":13,"column":null}},"6":{"start":{"line":14,"column":45},"end":{"line":14,"column":null}},"7":{"start":{"line":18,"column":0},"end":{"line":18,"column":null}},"8":{"start":{"line":56,"column":2},"end":{"line":56,"column":22}},"9":{"start":{"line":63,"column":4},"end":{"line":63,"column":9}},"10":{"start":{"line":73,"column":25},"end":{"line":73,"column":29}},"11":{"start":{"line":74,"column":14},"end":{"line":74,"column":18}},"12":{"start":{"line":76,"column":4},"end":{"line":76,"column":12}},"13":{"start":{"line":78,"column":8},"end":{"line":78,"column":13}},"14":{"start":{"line":79,"column":8},"end":{"line":79,"column":null}},"15":{"start":{"line":81,"column":8},"end":{"line":81,"column":13}},"16":{"start":{"line":82,"column":8},"end":{"line":82,"column":null}},"17":{"start":{"line":84,"column":8},"end":{"line":84,"column":13}},"18":{"start":{"line":85,"column":8},"end":{"line":85,"column":null}},"19":{"start":{"line":87,"column":8},"end":{"line":87,"column":13}},"20":{"start":{"line":88,"column":8},"end":{"line":88,"column":null}},"21":{"start":{"line":91,"column":4},"end":{"line":91,"column":9}},"22":{"start":{"line":93,"column":4},"end":{"line":93,"column":9}},"23":{"start":{"line":97,"column":4},"end":{"line":97,"column":11}},"24":{"start":{"line":101,"column":4},"end":{"line":101,"column":11}},"25":{"start":{"line":23,"column":2},"end":{"line":23,"column":38}},"26":{"start":{"line":31,"column":2},"end":{"line":31,"column":17}},"27":{"start":{"line":30,"column":52},"end":{"line":30,"column":56}},"28":{"start":{"line":37,"column":2},"end":{"line":37,"column":41}},"29":{"start":{"line":43,"column":2},"end":{"line":43,"column":35}},"30":{"start":{"line":49,"column":2},"end":{"line":49,"column":53}},"31":{"start":{"line":18,"column":21},"end":{"line":18,"column":48}}},"fnMap":{"0":{"name":"(anonymous_0)","decl":{"start":{"line":18,"column":0},"end":{"line":18,"column":21}},"loc":{"start":{"line":18,"column":0},"end":{"line":104,"column":null}}},"1":{"name":"(anonymous_1)","decl":{"start":{"line":62,"column":2},"end":{"line":62,"column":9}},"loc":{"start":{"line":62,"column":9},"end":{"line":64,"column":null}}},"2":{"name":"(anonymous_2)","decl":{"start":{"line":72,"column":10},"end":{"line":72,"column":21}},"loc":{"start":{"line":72,"column":42},"end":{"line":94,"column":null}}},"3":{"name":"(anonymous_3)","decl":{"start":{"line":96,"column":2},"end":{"line":96,"column":6}},"loc":{"start":{"line":96,"column":10},"end":{"line":98,"column":null}}},"4":{"name":"(anonymous_4)","decl":{"start":{"line":100,"column":2},"end":{"line":100,"column":8}},"loc":{"start":{"line":100,"column":8},"end":{"line":102,"column":null}}},"5":{"name":"(anonymous_5)","decl":{"start":{"line":30,"column":46},"end":{"line":30,"column":52}},"loc":{"start":{"line":30,"column":52},"end":{"line":30,"column":56}}}},"branchMap":{"0":{"loc":{"start":{"line":77,"column":6},"end":{"line":79,"column":null}},"type":"switch","locations":[{"start":{"line":77,"column":6},"end":{"line":79,"column":null}},{"start":{"line":80,"column":6},"end":{"line":82,"column":null}},{"start":{"line":83,"column":6},"end":{"line":85,"column":null}},{"start":{"line":86,"column":6},"end":{"line":88,"column":null}}]}},"s":{"0":6,"1":6,"2":6,"3":6,"4":6,"5":6,"6":6,"7":6,"8":15,"9":9,"10":6,"11":6,"12":6,"13":1,"14":1,"15":2,"16":2,"17":2,"18":2,"19":1,"20":1,"21":6,"22":6,"23":9,"24":8,"25":6,"26":6,"27":9,"28":6,"29":6,"30":6,"31":12},"f":{"0":9,"1":9,"2":6,"3":9,"4":8,"5":9},"b":{"0":[1,2,2,1]}}
,"/Users/huba/repos/vue-expression-builder/src/components/ExpressionNodeBase.ts": {"path":"/Users/huba/repos/vue-expression-builder/src/components/ExpressionNodeBase.ts","statementMap":{"0":{"start":{"line":1,"column":0},"end":{"line":1,"column":null}},"1":{"start":{"line":3,"column":0},"end":{"line":3,"column":null}},"2":{"start":{"line":5,"column":0},"end":{"line":5,"column":null}},"3":{"start":{"line":11,"column":21},"end":{"line":16,"column":null}},"4":{"start":{"line":12,"column":2},"end":{"line":15,"column":11}},"5":{"start":{"line":13,"column":4},"end":{"line":13,"column":11}},"6":{"start":{"line":15,"column":4},"end":{"line":15,"column":11}},"7":{"start":{"line":19,"column":0},"end":{"line":19,"column":null}},"8":{"start":{"line":47,"column":17},"end":{"line":47,"column":29}},"9":{"start":{"line":48,"column":4},"end":{"line":49,"column":10}},"10":{"start":{"line":49,"column":6},"end":{"line":49,"column":10}},"11":{"start":{"line":50,"column":4},"end":{"line":50,"column":9}},"12":{"start":{"line":57,"column":4},"end":{"line":57,"column":9}},"13":{"start":{"line":61,"column":4},"end":{"line":61,"column":11}},"14":{"start":{"line":25,"column":2},"end":{"line":25,"column":32}},"15":{"start":{"line":31,"column":2},"end":{"line":31,"column":17}},"16":{"start":{"line":37,"column":2},"end":{"line":37,"column":38}},"17":{"start":{"line":19,"column":21},"end":{"line":19,"column":39}}},"fnMap":{"0":{"name":"(anonymous_0)","decl":{"start":{"line":11,"column":21},"end":{"line":11,"column":56}},"loc":{"start":{"line":11,"column":56},"end":{"line":16,"column":null}}},"1":{"name":"(anonymous_1)","decl":{"start":{"line":46,"column":2},"end":{"line":46,"column":11}},"loc":{"start":{"line":46,"column":76},"end":{"line":51,"column":null}}},"2":{"name":"(anonymous_2)","decl":{"start":{"line":56,"column":2},"end":{"line":56,"column":12}},"loc":{"start":{"line":56,"column":12},"end":{"line":58,"column":null}}},"3":{"name":"(anonymous_3)","decl":{"start":{"line":60,"column":2},"end":{"line":60,"column":6}},"loc":{"start":{"line":60,"column":11},"end":{"line":64,"column":null}}}},"branchMap":{"0":{"loc":{"start":{"line":12,"column":2},"end":{"line":15,"column":11}},"type":"if","locations":[{"start":{"line":12,"column":2},"end":{"line":15,"column":11}},{"start":{"line":12,"column":2},"end":{"line":15,"column":11}}]},"1":{"loc":{"start":{"line":46,"column":45},"end":{"line":46,"column":62}},"type":"default-arg","locations":[{"start":{"line":46,"column":45},"end":{"line":46,"column":62}}]},"2":{"loc":{"start":{"line":48,"column":4},"end":{"line":49,"column":10}},"type":"if","locations":[{"start":{"line":48,"column":4},"end":{"line":49,"column":10}},{"start":{"line":48,"column":4},"end":{"line":49,"column":10}}]},"3":{"loc":{"start":{"line":62,"column":8},"end":{"line":62,"column":13}},"type":"cond-expr","locations":[{"start":{"line":62,"column":8},"end":{"line":62,"column":13}},{"start":{"line":63,"column":8},"end":{"line":63,"column":null}}]}},"s":{"0":5,"1":5,"2":5,"3":5,"4":28,"5":12,"6":16,"7":5,"8":12,"9":12,"10":4,"11":12,"12":2,"13":19,"14":5,"15":5,"16":5,"17":10},"f":{"0":28,"1":12,"2":2,"3":19},"b":{"0":[12,16],"1":[2],"2":[4,8],"3":[18,1]}}
,"/Users/huba/repos/vue-expression-builder/src/components/ExpressionNodeGroupRenderless.ts": {"path":"/Users/huba/repos/vue-expression-builder/src/components/ExpressionNodeGroupRenderless.ts","statementMap":{"0":{"start":{"line":1,"column":0},"end":{"line":1,"column":null}},"1":{"start":{"line":2,"column":0},"end":{"line":2,"column":null}},"2":{"start":{"line":3,"column":0},"end":{"line":3,"column":null}},"3":{"start":{"line":5,"column":0},"end":{"line":5,"column":null}},"4":{"start":{"line":6,"column":0},"end":{"line":6,"column":null}},"5":{"start":{"line":9,"column":0},"end":{"line":9,"column":null}},"6":{"start":{"line":24,"column":4},"end":{"line":24,"column":9}},"7":{"start":{"line":33,"column":4},"end":{"line":33,"column":9}},"8":{"start":{"line":41,"column":4},"end":{"line":41,"column":9}},"9":{"start":{"line":49,"column":4},"end":{"line":49,"column":9}},"10":{"start":{"line":56,"column":4},"end":{"line":59,"column":11}},"11":{"start":{"line":57,"column":6},"end":{"line":57,"column":11}},"12":{"start":{"line":59,"column":6},"end":{"line":59,"column":11}},"13":{"start":{"line":63,"column":4},"end":{"line":63,"column":11}},"14":{"start":{"line":15,"column":2},"end":{"line":15,"column":36}},"15":{"start":{"line":9,"column":21},"end":{"line":9,"column":50}}},"fnMap":{"0":{"name":"(anonymous_0)","decl":{"start":{"line":23,"column":9},"end":{"line":23,"column":15}},"loc":{"start":{"line":23,"column":52},"end":{"line":25,"column":null}}},"1":{"name":"(anonymous_1)","decl":{"start":{"line":32,"column":10},"end":{"line":32,"column":13}},"loc":{"start":{"line":32,"column":35},"end":{"line":34,"column":null}}},"2":{"name":"(anonymous_2)","decl":{"start":{"line":40,"column":9},"end":{"line":40,"column":16}},"loc":{"start":{"line":40,"column":35},"end":{"line":42,"column":null}}},"3":{"name":"(anonymous_3)","decl":{"start":{"line":48,"column":9},"end":{"line":48,"column":17}},"loc":{"start":{"line":48,"column":17},"end":{"line":50,"column":null}}},"4":{"name":"(anonymous_4)","decl":{"start":{"line":55,"column":2},"end":{"line":55,"column":22}},"loc":{"start":{"line":55,"column":22},"end":{"line":60,"column":null}}},"5":{"name":"(anonymous_5)","decl":{"start":{"line":62,"column":2},"end":{"line":62,"column":8}},"loc":{"start":{"line":62,"column":8},"end":{"line":73,"column":null}}}},"branchMap":{"0":{"loc":{"start":{"line":41,"column":32},"end":{"line":41,"column":41}},"type":"binary-expr","locations":[{"start":{"line":41,"column":32},"end":{"line":41,"column":41}},{"start":{"line":41,"column":45},"end":{"line":41,"column":50}}]},"1":{"loc":{"start":{"line":56,"column":4},"end":{"line":59,"column":11}},"type":"if","locations":[{"start":{"line":56,"column":4},"end":{"line":59,"column":11}},{"start":{"line":56,"column":4},"end":{"line":59,"column":11}}]}},"s":{"0":3,"1":3,"2":3,"3":3,"4":3,"5":3,"6":4,"7":4,"8":2,"9":2,"10":1,"11":0,"12":1,"13":15,"14":3,"15":6},"f":{"0":4,"1":4,"2":2,"3":2,"4":1,"5":15},"b":{"0":[2,2],"1":[0,1]}}
,"/Users/huba/repos/vue-expression-builder/src/components/ExpressionNodeRenderless.ts": {"path":"/Users/huba/repos/vue-expression-builder/src/components/ExpressionNodeRenderless.ts","statementMap":{"0":{"start":{"line":1,"column":0},"end":{"line":1,"column":null}},"1":{"start":{"line":2,"column":0},"end":{"line":2,"column":null}},"2":{"start":{"line":3,"column":0},"end":{"line":3,"column":null}},"3":{"start":{"line":7,"column":0},"end":{"line":7,"column":null}},"4":{"start":{"line":22,"column":4},"end":{"line":22,"column":9}},"5":{"start":{"line":33,"column":4},"end":{"line":33,"column":9}},"6":{"start":{"line":37,"column":4},"end":{"line":37,"column":11}},"7":{"start":{"line":13,"column":2},"end":{"line":13,"column":31}},"8":{"start":{"line":7,"column":21},"end":{"line":7,"column":45}}},"fnMap":{"0":{"name":"(anonymous_0)","decl":{"start":{"line":21,"column":10},"end":{"line":21,"column":16}},"loc":{"start":{"line":21,"column":38},"end":{"line":23,"column":null}}},"1":{"name":"(anonymous_1)","decl":{"start":{"line":32,"column":2},"end":{"line":32,"column":17}},"loc":{"start":{"line":32,"column":68},"end":{"line":34,"column":null}}},"2":{"name":"(anonymous_2)","decl":{"start":{"line":36,"column":2},"end":{"line":36,"column":8}},"loc":{"start":{"line":36,"column":8},"end":{"line":44,"column":null}}}},"branchMap":{},"s":{"0":2,"1":2,"2":2,"3":2,"4":2,"5":2,"6":4,"7":2,"8":4},"f":{"0":2,"1":2,"2":4},"b":{}}
,"/Users/huba/repos/vue-expression-builder/src/components/Utils.ts": {"path":"/Users/huba/repos/vue-expression-builder/src/components/Utils.ts","statementMap":{"0":{"start":{"line":9,"column":27},"end":{"line":9,"column":null}}},"fnMap":{},"branchMap":{},"s":{"0":6},"f":{},"b":{}}
,"/Users/huba/repos/vue-expression-builder/src/conditions/ConditionFactory.ts": {"path":"/Users/huba/repos/vue-expression-builder/src/conditions/ConditionFactory.ts","statementMap":{"0":{"start":{"line":7,"column":0},"end":{"line":7,"column":null}},"1":{"start":{"line":16,"column":19},"end":{"line":16,"column":60}},"2":{"start":{"line":17,"column":10},"end":{"line":17,"column":45}},"3":{"start":{"line":18,"column":19},"end":{"line":18,"column":72}},"4":{"start":{"line":21,"column":4},"end":{"line":21,"column":9}},"5":{"start":{"line":22,"column":4},"end":{"line":22,"column":9}},"6":{"start":{"line":24,"column":4},"end":{"line":25,"column":12}},"7":{"start":{"line":25,"column":6},"end":{"line":25,"column":12}},"8":{"start":{"line":26,"column":4},"end":{"line":27,"column":12}},"9":{"start":{"line":27,"column":6},"end":{"line":27,"column":12}},"10":{"start":{"line":28,"column":4},"end":{"line":29,"column":12}},"11":{"start":{"line":29,"column":6},"end":{"line":29,"column":12}},"12":{"start":{"line":30,"column":4},"end":{"line":30,"column":9}},"13":{"start":{"line":34,"column":4},"end":{"line":34,"column":11}},"14":{"start":{"line":38,"column":4},"end":{"line":38,"column":11}},"15":{"start":{"line":42,"column":4},"end":{"line":42,"column":11}},"16":{"start":{"line":49,"column":21},"end":{"line":49,"column":26}},"17":{"start":{"line":49,"column":47},"end":{"line":49,"column":null}},"18":{"start":{"line":50,"column":4},"end":{"line":71,"column":null}},"19":{"start":{"line":52,"column":20},"end":{"line":52,"column":25}},"20":{"start":{"line":52,"column":43},"end":{"line":52,"column":null}},"21":{"start":{"line":53,"column":6},"end":{"line":54,"column":14}},"22":{"start":{"line":54,"column":8},"end":{"line":54,"column":14}},"23":{"start":{"line":56,"column":6},"end":{"line":57,"column":14}},"24":{"start":{"line":57,"column":8},"end":{"line":57,"column":14}},"25":{"start":{"line":59,"column":24},"end":{"line":59,"column":29}},"26":{"start":{"line":59,"column":51},"end":{"line":59,"column":null}},"27":{"start":{"line":60,"column":6},"end":{"line":61,"column":14}},"28":{"start":{"line":61,"column":8},"end":{"line":61,"column":14}},"29":{"start":{"line":62,"column":51},"end":{"line":62,"column":60}},"30":{"start":{"line":64,"column":6},"end":{"line":64,"column":13}},"31":{"start":{"line":72,"column":4},"end":{"line":72,"column":10}},"32":{"start":{"line":73,"column":33},"end":{"line":73,"column":41}},"33":{"start":{"line":77,"column":4},"end":{"line":77,"column":9}},"34":{"start":{"line":78,"column":48},"end":{"line":78,"column":null}},"35":{"start":{"line":86,"column":6},"end":{"line":87,"column":14}},"36":{"start":{"line":86,"column":38},"end":{"line":86,"column":null}},"37":{"start":{"line":87,"column":8},"end":{"line":87,"column":14}},"38":{"start":{"line":89,"column":6},"end":{"line":90,"column":14}},"39":{"start":{"line":90,"column":8},"end":{"line":90,"column":14}},"40":{"start":{"line":93,"column":6},"end":{"line":108,"column":null}},"41":{"start":{"line":96,"column":32},"end":{"line":96,"column":37}},"42":{"start":{"line":96,"column":59},"end":{"line":96,"column":null}},"43":{"start":{"line":98,"column":8},"end":{"line":99,"column":16}},"44":{"start":{"line":99,"column":10},"end":{"line":99,"column":16}},"45":{"start":{"line":102,"column":8},"end":{"line":102,"column":18}},"46":{"start":{"line":103,"column":10},"end":{"line":103,"column":25}},"47":{"start":{"line":103,"column":79},"end":{"line":103,"column":null}},"48":{"start":{"line":105,"column":8},"end":{"line":106,"column":16}},"49":{"start":{"line":106,"column":10},"end":{"line":106,"column":16}},"50":{"start":{"line":110,"column":6},"end":{"line":110,"column":13}}},"fnMap":{"0":{"name":"(anonymous_0)","decl":{"start":{"line":20,"column":2},"end":{"line":20,"column":14}},"loc":{"start":{"line":20,"column":40},"end":{"line":31,"column":null}}},"1":{"name":"(anonymous_1)","decl":{"start":{"line":33,"column":2},"end":{"line":33,"column":6}},"loc":{"start":{"line":33,"column":12},"end":{"line":35,"column":null}}},"2":{"name":"(anonymous_2)","decl":{"start":{"line":37,"column":2},"end":{"line":37,"column":6}},"loc":{"start":{"line":37,"column":15},"end":{"line":39,"column":null}}},"3":{"name":"(anonymous_3)","decl":{"start":{"line":41,"column":2},"end":{"line":41,"column":6}},"loc":{"start":{"line":41,"column":16},"end":{"line":43,"column":null}}},"4":{"name":"(anonymous_4)","decl":{"start":{"line":45,"column":2},"end":{"line":45,"column":8}},"loc":{"start":{"line":47,"column":26},"end":{"line":74,"column":null}}},"5":{"name":"(anonymous_5)","decl":{"start":{"line":49,"column":42},"end":{"line":49,"column":43}},"loc":{"start":{"line":49,"column":47},"end":{"line":49,"column":null}}},"6":{"name":"(anonymous_6)","decl":{"start":{"line":52,"column":38},"end":{"line":52,"column":39}},"loc":{"start":{"line":52,"column":43},"end":{"line":52,"column":null}}},"7":{"name":"(anonymous_7)","decl":{"start":{"line":59,"column":45},"end":{"line":59,"column":47}},"loc":{"start":{"line":59,"column":51},"end":{"line":59,"column":null}}},"8":{"name":"(anonymous_8)","decl":{"start":{"line":62,"column":45},"end":{"line":62,"column":47}},"loc":{"start":{"line":62,"column":51},"end":{"line":62,"column":60}}},"9":{"name":"(anonymous_9)","decl":{"start":{"line":73,"column":28},"end":{"line":73,"column":29}},"loc":{"start":{"line":73,"column":33},"end":{"line":73,"column":41}}},"10":{"name":"(anonymous_10)","decl":{"start":{"line":76,"column":10},"end":{"line":76,"column":22}},"loc":{"start":{"line":76,"column":49},"end":{"line":112,"column":null}}},"11":{"name":"(anonymous_11)","decl":{"start":{"line":77,"column":35},"end":{"line":77,"column":40}},"loc":{"start":{"line":77,"column":43},"end":{"line":111,"column":null}}},"12":{"name":"(anonymous_12)","decl":{"start":{"line":86,"column":32},"end":{"line":86,"column":34}},"loc":{"start":{"line":86,"column":38},"end":{"line":86,"column":null}}},"13":{"name":"(anonymous_13)","decl":{"start":{"line":96,"column":54},"end":{"line":96,"column":55}},"loc":{"start":{"line":96,"column":59},"end":{"line":96,"column":null}}},"14":{"name":"(anonymous_14)","decl":{"start":{"line":102,"column":54},"end":{"line":102,"column":62}},"loc":{"start":{"line":103,"column":10},"end":{"line":103,"column":25}}},"15":{"name":"(anonymous_15)","decl":{"start":{"line":103,"column":74},"end":{"line":103,"column":75}},"loc":{"start":{"line":103,"column":79},"end":{"line":103,"column":null}}}},"branchMap":{"0":{"loc":{"start":{"line":21,"column":22},"end":{"line":21,"column":40}},"type":"binary-expr","locations":[{"start":{"line":21,"column":22},"end":{"line":21,"column":40}},{"start":{"line":21,"column":40},"end":{"line":21,"column":null}}]},"1":{"loc":{"start":{"line":22,"column":23},"end":{"line":22,"column":42}},"type":"binary-expr","locations":[{"start":{"line":22,"column":23},"end":{"line":22,"column":42}},{"start":{"line":22,"column":42},"end":{"line":22,"column":null}}]},"2":{"loc":{"start":{"line":24,"column":4},"end":{"line":25,"column":12}},"type":"if","locations":[{"start":{"line":24,"column":4},"end":{"line":25,"column":12}},{"start":{"line":24,"column":4},"end":{"line":25,"column":12}}]},"3":{"loc":{"start":{"line":26,"column":4},"end":{"line":27,"column":12}},"type":"if","locations":[{"start":{"line":26,"column":4},"end":{"line":27,"column":12}},{"start":{"line":26,"column":4},"end":{"line":27,"column":12}}]},"4":{"loc":{"start":{"line":28,"column":4},"end":{"line":29,"column":12}},"type":"if","locations":[{"start":{"line":28,"column":4},"end":{"line":29,"column":12}},{"start":{"line":28,"column":4},"end":{"line":29,"column":12}}]},"5":{"loc":{"start":{"line":45,"column":29},"end":{"line":45,"column":null}},"type":"default-arg","locations":[{"start":{"line":45,"column":29},"end":{"line":45,"column":null}}]},"6":{"loc":{"start":{"line":46,"column":33},"end":{"line":46,"column":38}},"type":"default-arg","locations":[{"start":{"line":46,"column":33},"end":{"line":46,"column":38}}]},"7":{"loc":{"start":{"line":47,"column":22},"end":{"line":47,"column":26}},"type":"default-arg","locations":[{"start":{"line":47,"column":22},"end":{"line":47,"column":26}}]},"8":{"loc":{"start":{"line":50,"column":4},"end":{"line":71,"column":null}},"type":"if","locations":[{"start":{"line":50,"column":4},"end":{"line":71,"column":null}},{"start":{"line":50,"column":4},"end":{"line":71,"column":null}}]},"9":{"loc":{"start":{"line":53,"column":6},"end":{"line":54,"column":14}},"type":"if","locations":[{"start":{"line":53,"column":6},"end":{"line":54,"column":14}},{"start":{"line":53,"column":6},"end":{"line":54,"column":14}}]},"10":{"loc":{"start":{"line":56,"column":6},"end":{"line":57,"column":14}},"type":"if","locations":[{"start":{"line":56,"column":6},"end":{"line":57,"column":14}},{"start":{"line":56,"column":6},"end":{"line":57,"column":14}}]},"11":{"loc":{"start":{"line":60,"column":6},"end":{"line":61,"column":14}},"type":"if","locations":[{"start":{"line":60,"column":6},"end":{"line":61,"column":14}},{"start":{"line":60,"column":6},"end":{"line":61,"column":14}}]},"12":{"loc":{"start":{"line":86,"column":6},"end":{"line":87,"column":14}},"type":"if","locations":[{"start":{"line":86,"column":6},"end":{"line":87,"column":14}},{"start":{"line":86,"column":6},"end":{"line":87,"column":14}}]},"13":{"loc":{"start":{"line":89,"column":6},"end":{"line":90,"column":14}},"type":"if","locations":[{"start":{"line":89,"column":6},"end":{"line":90,"column":14}},{"start":{"line":89,"column":6},"end":{"line":90,"column":14}}]},"14":{"loc":{"start":{"line":89,"column":10},"end":{"line":89,"column":27}},"type":"binary-expr","locations":[{"start":{"line":89,"column":10},"end":{"line":89,"column":27}},{"start":{"line":89,"column":57},"end":{"line":89,"column":80}},{"start":{"line":89,"column":80},"end":{"line":89,"column":null}}]},"15":{"loc":{"start":{"line":93,"column":6},"end":{"line":108,"column":null}},"type":"if","locations":[{"start":{"line":93,"column":6},"end":{"line":108,"column":null}},{"start":{"line":93,"column":6},"end":{"line":108,"column":null}}]},"16":{"loc":{"start":{"line":93,"column":10},"end":{"line":93,"column":35}},"type":"binary-expr","locations":[{"start":{"line":93,"column":10},"end":{"line":93,"column":35}},{"start":{"line":93,"column":35},"end":{"line":93,"column":69}}]},"17":{"loc":{"start":{"line":98,"column":8},"end":{"line":99,"column":16}},"type":"if","locations":[{"start":{"line":98,"column":8},"end":{"line":99,"column":16}},{"start":{"line":98,"column":8},"end":{"line":99,"column":16}}]},"18":{"loc":{"start":{"line":105,"column":8},"end":{"line":106,"column":16}},"type":"if","locations":[{"start":{"line":105,"column":8},"end":{"line":106,"column":16}},{"start":{"line":105,"column":8},"end":{"line":106,"column":16}}]}},"s":{"0":10,"1":29,"2":29,"3":29,"4":29,"5":29,"6":29,"7":1,"8":28,"9":1,"10":27,"11":1,"12":26,"13":11,"14":4,"15":38,"16":10,"17":29,"18":10,"19":9,"20":16,"21":9,"22":1,"23":8,"24":1,"25":7,"26":14,"27":7,"28":0,"29":0,"30":7,"31":1,"32":18,"33":26,"34":31,"35":31,"36":58,"37":1,"38":30,"39":0,"40":30,"41":30,"42":51,"43":30,"44":0,"45":30,"46":540,"47":381,"48":30,"49":1,"50":29},"f":{"0":29,"1":11,"2":4,"3":38,"4":10,"5":29,"6":16,"7":14,"8":0,"9":18,"10":26,"11":31,"12":58,"13":51,"14":540,"15":381},"b":{"0":[29,4],"1":[29,16],"2":[1,28],"3":[1,27],"4":[1,26],"5":[3],"6":[3],"7":[3],"8":[9,1],"9":[1,8],"10":[1,7],"11":[0,7],"12":[1,30],"13":[0,30],"14":[30,0,0],"15":[30,0],"16":[30,0],"17":[0,30],"18":[1,29]}}
,"/Users/huba/repos/vue-expression-builder/src/conditions/Defaults.ts": {"path":"/Users/huba/repos/vue-expression-builder/src/conditions/Defaults.ts","statementMap":{"0":{"start":{"line":6,"column":33},"end":{"line":6,"column":null}},"1":{"start":{"line":19,"column":62},"end":{"line":19,"column":null}},"2":{"start":{"line":33,"column":56},"end":{"line":33,"column":null}},"3":{"start":{"line":58,"column":67},"end":{"line":58,"column":null}},"4":{"start":{"line":111,"column":61},"end":{"line":111,"column":null}},"5":{"start":{"line":133,"column":32},"end":{"line":133,"column":null}},"6":{"start":{"line":142,"column":38},"end":{"line":142,"column":78}},"7":{"start":{"line":142,"column":72},"end":{"line":142,"column":78}},"8":{"start":{"line":142,"column":114},"end":{"line":142,"column":null}},"9":{"start":{"line":150,"column":39},"end":{"line":150,"column":90}},"10":{"start":{"line":150,"column":84},"end":{"line":150,"column":90}},"11":{"start":{"line":150,"column":128},"end":{"line":150,"column":null}}},"fnMap":{"0":{"name":"(anonymous_0)","decl":{"start":{"line":142,"column":38},"end":{"line":142,"column":72}},"loc":{"start":{"line":142,"column":72},"end":{"line":142,"column":78}}},"1":{"name":"(anonymous_1)","decl":{"start":{"line":142,"column":108},"end":{"line":142,"column":109}},"loc":{"start":{"line":142,"column":114},"end":{"line":142,"column":null}}},"2":{"name":"(anonymous_2)","decl":{"start":{"line":150,"column":39},"end":{"line":150,"column":84}},"loc":{"start":{"line":150,"column":84},"end":{"line":150,"column":90}}},"3":{"name":"(anonymous_3)","decl":{"start":{"line":150,"column":121},"end":{"line":150,"column":123}},"loc":{"start":{"line":150,"column":128},"end":{"line":150,"column":null}}}},"branchMap":{},"s":{"0":10,"1":10,"2":10,"3":10,"4":10,"5":10,"6":10,"7":55,"8":990,"9":10,"10":43,"11":301},"f":{"0":55,"1":990,"2":43,"3":301},"b":{}}
,"/Users/huba/repos/vue-expression-builder/src/core/Errors.ts": {"path":"/Users/huba/repos/vue-expression-builder/src/core/Errors.ts","statementMap":{"0":{"start":{"line":1,"column":26},"end":{"line":1,"column":null}},"1":{"start":{"line":12,"column":35},"end":{"line":12,"column":null}},"2":{"start":{"line":13,"column":56},"end":{"line":13,"column":null}},"3":{"start":{"line":14,"column":56},"end":{"line":14,"column":null}},"4":{"start":{"line":15,"column":56},"end":{"line":15,"column":null}},"5":{"start":{"line":16,"column":57},"end":{"line":16,"column":null}},"6":{"start":{"line":25,"column":27},"end":{"line":30,"column":null}},"7":{"start":{"line":26,"column":15},"end":{"line":26,"column":72}},"8":{"start":{"line":27,"column":2},"end":{"line":28,"column":17}},"9":{"start":{"line":28,"column":4},"end":{"line":28,"column":17}},"10":{"start":{"line":29,"column":2},"end":{"line":29,"column":9}},"11":{"start":{"line":32,"column":15},"end":{"line":32,"column":null}}},"fnMap":{"0":{"name":"(anonymous_0)","decl":{"start":{"line":13,"column":35},"end":{"line":13,"column":56}},"loc":{"start":{"line":13,"column":56},"end":{"line":13,"column":null}}},"1":{"name":"(anonymous_1)","decl":{"start":{"line":14,"column":38},"end":{"line":14,"column":56}},"loc":{"start":{"line":14,"column":56},"end":{"line":14,"column":null}}},"2":{"name":"(anonymous_2)","decl":{"start":{"line":15,"column":38},"end":{"line":15,"column":56}},"loc":{"start":{"line":15,"column":56},"end":{"line":15,"column":null}}},"3":{"name":"(anonymous_3)","decl":{"start":{"line":16,"column":38},"end":{"line":16,"column":57}},"loc":{"start":{"line":16,"column":57},"end":{"line":16,"column":null}}},"4":{"name":"(anonymous_4)","decl":{"start":{"line":25,"column":27},"end":{"line":25,"column":28}},"loc":{"start":{"line":25,"column":90},"end":{"line":30,"column":null}}}},"branchMap":{"0":{"loc":{"start":{"line":27,"column":2},"end":{"line":28,"column":17}},"type":"if","locations":[{"start":{"line":27,"column":2},"end":{"line":28,"column":17}},{"start":{"line":27,"column":2},"end":{"line":28,"column":17}}]}},"s":{"0":11,"1":11,"2":0,"3":0,"4":0,"5":0,"6":11,"7":0,"8":0,"9":0,"10":0,"11":11},"f":{"0":0,"1":0,"2":0,"3":0,"4":0},"b":{"0":[0,0]}}
,"/Users/huba/repos/vue-expression-builder/src/core/ExpressionBuilder.ts": {"path":"/Users/huba/repos/vue-expression-builder/src/core/ExpressionBuilder.ts","statementMap":{"0":{"start":{"line":2,"column":0},"end":{"line":2,"column":null}},"1":{"start":{"line":3,"column":0},"end":{"line":3,"column":null}},"2":{"start":{"line":11,"column":4},"end":{"line":11,"column":9}},"3":{"start":{"line":16,"column":4},"end":{"line":16,"column":9}},"4":{"start":{"line":17,"column":4},"end":{"line":17,"column":9}},"5":{"start":{"line":21,"column":4},"end":{"line":21,"column":11}},"6":{"start":{"line":25,"column":4},"end":{"line":25,"column":11}},"7":{"start":{"line":41,"column":4},"end":{"line":56,"column":null}},"8":{"start":{"line":43,"column":6},"end":{"line":52,"column":17}},"9":{"start":{"line":44,"column":8},"end":{"line":47,"column":null}},"10":{"start":{"line":45,"column":10},"end":{"line":45,"column":22}},"11":{"start":{"line":46,"column":10},"end":{"line":46,"column":17}},"12":{"start":{"line":48,"column":8},"end":{"line":48,"column":12}},"13":{"start":{"line":49,"column":8},"end":{"line":49,"column":12}},"14":{"start":{"line":50,"column":8},"end":{"line":50,"column":12}},"15":{"start":{"line":51,"column":8},"end":{"line":51,"column":18}},"16":{"start":{"line":52,"column":13},"end":{"line":52,"column":17}},"17":{"start":{"line":53,"column":6},"end":{"line":53,"column":15}},"18":{"start":{"line":54,"column":6},"end":{"line":54,"column":11}},"19":{"start":{"line":55,"column":6},"end":{"line":55,"column":13}},"20":{"start":{"line":57,"column":4},"end":{"line":57,"column":16}},"21":{"start":{"line":58,"column":4},"end":{"line":58,"column":11}},"22":{"start":{"line":62,"column":4},"end":{"line":62,"column":9}},"23":{"start":{"line":66,"column":4},"end":{"line":66,"column":11}},"24":{"start":{"line":70,"column":4},"end":{"line":70,"column":9}},"25":{"start":{"line":74,"column":4},"end":{"line":74,"column":11}},"26":{"start":{"line":78,"column":4},"end":{"line":78,"column":9}},"27":{"start":{"line":82,"column":4},"end":{"line":82,"column":11}},"28":{"start":{"line":86,"column":4},"end":{"line":88,"column":21}},"29":{"start":{"line":87,"column":6},"end":{"line":87,"column":11}},"30":{"start":{"line":88,"column":9},"end":{"line":88,"column":21}},"31":{"start":{"line":89,"column":4},"end":{"line":89,"column":11}},"32":{"start":{"line":93,"column":4},"end":{"line":94,"column":11}},"33":{"start":{"line":94,"column":6},"end":{"line":94,"column":11}},"34":{"start":{"line":95,"column":4},"end":{"line":95,"column":11}},"35":{"start":{"line":99,"column":4},"end":{"line":99,"column":9}},"36":{"start":{"line":100,"column":4},"end":{"line":100,"column":11}},"37":{"start":{"line":110,"column":22},"end":{"line":110,"column":26}},"38":{"start":{"line":111,"column":4},"end":{"line":116,"column":null}},"39":{"start":{"line":112,"column":6},"end":{"line":115,"column":15}},"40":{"start":{"line":113,"column":8},"end":{"line":113,"column":15}},"41":{"start":{"line":115,"column":8},"end":{"line":115,"column":15}},"42":{"start":{"line":117,"column":4},"end":{"line":118,"column":18}},"43":{"start":{"line":118,"column":6},"end":{"line":118,"column":18}},"44":{"start":{"line":119,"column":4},"end":{"line":119,"column":11}},"45":{"start":{"line":123,"column":4},"end":{"line":123,"column":9}},"46":{"start":{"line":124,"column":4},"end":{"line":124,"column":11}},"47":{"start":{"line":128,"column":4},"end":{"line":128,"column":11}},"48":{"start":{"line":132,"column":4},"end":{"line":132,"column":11}}},"fnMap":{"0":{"name":"(anonymous_0)","decl":{"start":{"line":10,"column":2},"end":{"line":10,"column":14}},"loc":{"start":{"line":10,"column":92},"end":{"line":18,"column":null}}},"1":{"name":"(anonymous_1)","decl":{"start":{"line":20,"column":2},"end":{"line":20,"column":6}},"loc":{"start":{"line":20,"column":13},"end":{"line":22,"column":null}}},"2":{"name":"(anonymous_2)","decl":{"start":{"line":24,"column":10},"end":{"line":24,"column":24}},"loc":{"start":{"line":24,"column":39},"end":{"line":27,"column":null}}},"3":{"name":"(anonymous_3)","decl":{"start":{"line":38,"column":10},"end":{"line":38,"column":26}},"loc":{"start":{"line":38,"column":85},"end":{"line":59,"column":null}}},"4":{"name":"(anonymous_4)","decl":{"start":{"line":61,"column":10},"end":{"line":61,"column":17}},"loc":{"start":{"line":61,"column":54},"end":{"line":63,"column":null}}},"5":{"name":"(anonymous_5)","decl":{"start":{"line":65,"column":2},"end":{"line":65,"column":8}},"loc":{"start":{"line":65,"column":45},"end":{"line":67,"column":null}}},"6":{"name":"(anonymous_6)","decl":{"start":{"line":69,"column":10},"end":{"line":69,"column":14}},"loc":{"start":{"line":69,"column":36},"end":{"line":71,"column":null}}},"7":{"name":"(anonymous_7)","decl":{"start":{"line":73,"column":2},"end":{"line":73,"column":5}},"loc":{"start":{"line":73,"column":27},"end":{"line":75,"column":null}}},"8":{"name":"(anonymous_8)","decl":{"start":{"line":77,"column":10},"end":{"line":77,"column":14}},"loc":{"start":{"line":77,"column":51},"end":{"line":79,"column":null}}},"9":{"name":"(anonymous_9)","decl":{"start":{"line":81,"column":2},"end":{"line":81,"column":5}},"loc":{"start":{"line":81,"column":42},"end":{"line":83,"column":null}}},"10":{"name":"(anonymous_10)","decl":{"start":{"line":85,"column":2},"end":{"line":85,"column":8}},"loc":{"start":{"line":85,"column":22},"end":{"line":90,"column":null}}},"11":{"name":"(anonymous_11)","decl":{"start":{"line":92,"column":2},"end":{"line":92,"column":11}},"loc":{"start":{"line":92,"column":11},"end":{"line":96,"column":null}}},"12":{"name":"(anonymous_12)","decl":{"start":{"line":98,"column":2},"end":{"line":98,"column":15}},"loc":{"start":{"line":98,"column":15},"end":{"line":101,"column":null}}},"13":{"name":"(anonymous_13)","decl":{"start":{"line":109,"column":10},"end":{"line":109,"column":21}},"loc":{"start":{"line":109,"column":78},"end":{"line":120,"column":null}}},"14":{"name":"(anonymous_14)","decl":{"start":{"line":122,"column":2},"end":{"line":122,"column":11}},"loc":{"start":{"line":122,"column":31},"end":{"line":125,"column":null}}},"15":{"name":"(anonymous_15)","decl":{"start":{"line":127,"column":2},"end":{"line":127,"column":8}},"loc":{"start":{"line":127,"column":8},"end":{"line":129,"column":null}}},"16":{"name":"(anonymous_16)","decl":{"start":{"line":131,"column":2},"end":{"line":131,"column":9}},"loc":{"start":{"line":131,"column":9},"end":{"line":133,"column":null}}}},"branchMap":{"0":{"loc":{"start":{"line":12,"column":8},"end":{"line":14,"column":16}},"type":"cond-expr","locations":[{"start":{"line":12,"column":8},"end":{"line":14,"column":16}},{"start":{"line":15,"column":8},"end":{"line":15,"column":12}}]},"1":{"loc":{"start":{"line":13,"column":10},"end":{"line":13,"column":30}},"type":"cond-expr","locations":[{"start":{"line":13,"column":10},"end":{"line":13,"column":30}},{"start":{"line":14,"column":10},"end":{"line":14,"column":16}}]},"2":{"loc":{"start":{"line":25,"column":19},"end":{"line":25,"column":null}},"type":"binary-expr","locations":[{"start":{"line":25,"column":19},"end":{"line":25,"column":null}},{"start":{"line":26,"column":10},"end":{"line":26,"column":24}},{"start":{"line":26,"column":24},"end":{"line":26,"column":null}}]},"3":{"loc":{"start":{"line":41,"column":4},"end":{"line":56,"column":null}},"type":"if","locations":[{"start":{"line":41,"column":4},"end":{"line":56,"column":null}},{"start":{"line":41,"column":4},"end":{"line":56,"column":null}}]},"4":{"loc":{"start":{"line":43,"column":6},"end":{"line":52,"column":17}},"type":"if","locations":[{"start":{"line":43,"column":6},"end":{"line":52,"column":17}},{"start":{"line":43,"column":6},"end":{"line":52,"column":17}}]},"5":{"loc":{"start":{"line":44,"column":8},"end":{"line":47,"column":null}},"type":"if","locations":[{"start":{"line":44,"column":8},"end":{"line":47,"column":null}},{"start":{"line":44,"column":8},"end":{"line":47,"column":null}}]},"6":{"loc":{"start":{"line":54,"column":35},"end":{"line":54,"column":48}},"type":"cond-expr","locations":[{"start":{"line":54,"column":35},"end":{"line":54,"column":48}},{"start":{"line":54,"column":48},"end":{"line":54,"column":null}}]},"7":{"loc":{"start":{"line":86,"column":4},"end":{"line":88,"column":21}},"type":"if","locations":[{"start":{"line":86,"column":4},"end":{"line":88,"column":21}},{"start":{"line":86,"column":4},"end":{"line":88,"column":21}}]},"8":{"loc":{"start":{"line":86,"column":8},"end":{"line":86,"column":22}},"type":"binary-expr","locations":[{"start":{"line":86,"column":8},"end":{"line":86,"column":22}},{"start":{"line":86,"column":22},"end":{"line":86,"column":null}}]},"9":{"loc":{"start":{"line":93,"column":4},"end":{"line":94,"column":11}},"type":"if","locations":[{"start":{"line":93,"column":4},"end":{"line":94,"column":11}},{"start":{"line":93,"column":4},"end":{"line":94,"column":11}}]},"10":{"loc":{"start":{"line":109,"column":77},"end":{"line":109,"column":78}},"type":"default-arg","locations":[{"start":{"line":109,"column":77},"end":{"line":109,"column":78}}]},"11":{"loc":{"start":{"line":111,"column":4},"end":{"line":116,"column":null}},"type":"if","locations":[{"start":{"line":111,"column":4},"end":{"line":116,"column":null}},{"start":{"line":111,"column":4},"end":{"line":116,"column":null}}]},"12":{"loc":{"start":{"line":111,"column":8},"end":{"line":111,"column":17}},"type":"binary-expr","locations":[{"start":{"line":111,"column":8},"end":{"line":111,"column":17}},{"start":{"line":111,"column":21},"end":{"line":111,"column":63}}]},"13":{"loc":{"start":{"line":112,"column":6},"end":{"line":115,"column":15}},"type":"if","locations":[{"start":{"line":112,"column":6},"end":{"line":115,"column":15}},{"start":{"line":112,"column":6},"end":{"line":115,"column":15}}]},"14":{"loc":{"start":{"line":117,"column":4},"end":{"line":118,"column":18}},"type":"if","locations":[{"start":{"line":117,"column":4},"end":{"line":118,"column":18}},{"start":{"line":117,"column":4},"end":{"line":118,"column":18}}]},"15":{"loc":{"start":{"line":122,"column":29},"end":{"line":122,"column":31}},"type":"default-arg","locations":[{"start":{"line":122,"column":29},"end":{"line":122,"column":31}}]}},"s":{"0":11,"1":11,"2":29,"3":29,"4":29,"5":74,"6":58,"7":58,"8":56,"9":25,"10":2,"11":2,"12":23,"13":23,"14":23,"15":23,"16":31,"17":54,"18":54,"19":54,"20":2,"21":2,"22":4,"23":5,"24":47,"25":49,"26":3,"27":4,"28":3,"29":2,"30":1,"31":3,"32":3,"33":3,"34":3,"35":8,"36":8,"37":17,"38":17,"39":15,"40":7,"41":8,"42":2,"43":2,"44":2,"45":9,"46":9,"47":1,"48":6},"f":{"0":29,"1":74,"2":58,"3":58,"4":4,"5":5,"6":47,"7":49,"8":3,"9":4,"10":3,"11":3,"12":8,"13":17,"14":9,"15":1,"16":6},"b":{"0":[19,10],"1":[19,0],"2":[58,9,9],"3":[56,2],"4":[25,31],"5":[2,23],"6":[23,31],"7":[2,1],"8":[3,3],"9":[3,0],"10":[9],"11":[15,2],"12":[17,16],"13":[7,8],"14":[2,0],"15":[0]}}
,"/Users/huba/repos/vue-expression-builder/src/core/ExpressionNode.ts": {"path":"/Users/huba/repos/vue-expression-builder/src/core/ExpressionNode.ts","statementMap":{"0":{"start":{"line":1,"column":0},"end":{"line":1,"column":null}},"1":{"start":{"line":8,"column":25},"end":{"line":8,"column":32}},"2":{"start":{"line":8,"column":32},"end":{"line":8,"column":33}},"3":{"start":{"line":19,"column":4},"end":{"line":19,"column":10}},"4":{"start":{"line":15,"column":10},"end":{"line":15,"column":35}},"5":{"start":{"line":22,"column":4},"end":{"line":22,"column":9}},"6":{"start":{"line":26,"column":4},"end":{"line":26,"column":11}},"7":{"start":{"line":30,"column":4},"end":{"line":32,"column":15}},"8":{"start":{"line":31,"column":6},"end":{"line":31,"column":11}},"9":{"start":{"line":32,"column":9},"end":{"line":32,"column":15}},"10":{"start":{"line":39,"column":4},"end":{"line":39,"column":11}},"11":{"start":{"line":48,"column":4},"end":{"line":48,"column":11}}},"fnMap":{"0":{"name":"(anonymous_0)","decl":{"start":{"line":8,"column":25},"end":{"line":8,"column":32}},"loc":{"start":{"line":8,"column":32},"end":{"line":8,"column":33}}},"1":{"name":"(anonymous_1)","decl":{"start":{"line":17,"column":2},"end":{"line":17,"column":14}},"loc":{"start":{"line":18,"column":46},"end":{"line":23,"column":null}}},"2":{"name":"(anonymous_2)","decl":{"start":{"line":25,"column":2},"end":{"line":25,"column":6}},"loc":{"start":{"line":25,"column":15},"end":{"line":27,"column":null}}},"3":{"name":"(anonymous_3)","decl":{"start":{"line":29,"column":2},"end":{"line":29,"column":6}},"loc":{"start":{"line":29,"column":25},"end":{"line":33,"column":null}}},"4":{"name":"(anonymous_4)","decl":{"start":{"line":38,"column":2},"end":{"line":38,"column":8}},"loc":{"start":{"line":38,"column":8},"end":{"line":40,"column":null}}},"5":{"name":"(anonymous_5)","decl":{"start":{"line":47,"column":2},"end":{"line":47,"column":9}},"loc":{"start":{"line":47,"column":77},"end":{"line":49,"column":null}}}},"branchMap":{"0":{"loc":{"start":{"line":17,"column":38},"end":{"line":17,"column":null}},"type":"default-arg","locations":[{"start":{"line":17,"column":38},"end":{"line":17,"column":null}}]},"1":{"loc":{"start":{"line":30,"column":4},"end":{"line":32,"column":15}},"type":"if","locations":[{"start":{"line":30,"column":4},"end":{"line":32,"column":15}},{"start":{"line":30,"column":4},"end":{"line":32,"column":15}}]}},"s":{"0":11,"1":11,"2":69,"3":67,"4":67,"5":67,"6":53,"7":67,"8":67,"9":0,"10":43,"11":30},"f":{"0":69,"1":67,"2":53,"3":67,"4":43,"5":30},"b":{"0":[2],"1":[67,0]}}
,"/Users/huba/repos/vue-expression-builder/src/core/ExpressionNodeBase.ts": {"path":"/Users/huba/repos/vue-expression-builder/src/core/ExpressionNodeBase.ts","statementMap":{"0":{"start":{"line":2,"column":0},"end":{"line":2,"column":null}},"1":{"start":{"line":9,"column":4},"end":{"line":9,"column":9}},"2":{"start":{"line":13,"column":4},"end":{"line":13,"column":11}},"3":{"start":{"line":17,"column":4},"end":{"line":20,"column":12}},"4":{"start":{"line":18,"column":6},"end":{"line":18,"column":11}},"5":{"start":{"line":19,"column":9},"end":{"line":20,"column":12}},"6":{"start":{"line":20,"column":6},"end":{"line":20,"column":12}}},"fnMap":{"0":{"name":"(anonymous_0)","decl":{"start":{"line":8,"column":2},"end":{"line":8,"column":14}},"loc":{"start":{"line":8,"column":46},"end":{"line":10,"column":null}}},"1":{"name":"(anonymous_1)","decl":{"start":{"line":12,"column":2},"end":{"line":12,"column":6}},"loc":{"start":{"line":12,"column":16},"end":{"line":14,"column":null}}},"2":{"name":"(anonymous_2)","decl":{"start":{"line":16,"column":2},"end":{"line":16,"column":6}},"loc":{"start":{"line":16,"column":53},"end":{"line":21,"column":null}}}},"branchMap":{"0":{"loc":{"start":{"line":17,"column":4},"end":{"line":20,"column":12}},"type":"if","locations":[{"start":{"line":17,"column":4},"end":{"line":20,"column":12}},{"start":{"line":17,"column":4},"end":{"line":20,"column":12}}]},"1":{"loc":{"start":{"line":19,"column":9},"end":{"line":20,"column":12}},"type":"if","locations":[{"start":{"line":19,"column":9},"end":{"line":20,"column":12}},{"start":{"line":19,"column":9},"end":{"line":20,"column":12}}]}},"s":{"0":11,"1":151,"2":533,"3":254,"4":148,"5":106,"6":0},"f":{"0":151,"1":533,"2":254},"b":{"0":[148,106],"1":[0,106]}}
,"/Users/huba/repos/vue-expression-builder/src/core/ExpressionNodeGroup.ts": {"path":"/Users/huba/repos/vue-expression-builder/src/core/ExpressionNodeGroup.ts","statementMap":{"0":{"start":{"line":1,"column":0},"end":{"line":1,"column":null}},"1":{"start":{"line":8,"column":0},"end":{"line":8,"column":null}},"2":{"start":{"line":9,"column":0},"end":{"line":9,"column":null}},"3":{"start":{"line":11,"column":31},"end":{"line":11,"column":null}},"4":{"start":{"line":16,"column":36},"end":{"line":16,"column":42}},"5":{"start":{"line":27,"column":37},"end":{"line":29,"column":null}},"6":{"start":{"line":28,"column":2},"end":{"line":28,"column":9}},"7":{"start":{"line":35,"column":34},"end":{"line":43,"column":null}},"8":{"start":{"line":36,"column":14},"end":{"line":36,"column":18}},"9":{"start":{"line":37,"column":30},"end":{"line":37,"column":31}},"10":{"start":{"line":38,"column":2},"end":{"line":38,"column":7}},"11":{"start":{"line":39,"column":4},"end":{"line":40,"column":17}},"12":{"start":{"line":40,"column":6},"end":{"line":40,"column":17}},"13":{"start":{"line":42,"column":2},"end":{"line":42,"column":9}},"14":{"start":{"line":48,"column":20},"end":{"line":48,"column":27}},"15":{"start":{"line":48,"column":27},"end":{"line":48,"column":28}},"16":{"start":{"line":58,"column":4},"end":{"line":58,"column":10}},"17":{"start":{"line":51,"column":10},"end":{"line":51,"column":41}},"18":{"start":{"line":52,"column":10},"end":{"line":52,"column":22}},"19":{"start":{"line":53,"column":10},"end":{"line":53,"column":26}},"20":{"start":{"line":54,"column":10},"end":{"line":54,"column":36}},"21":{"start":{"line":59,"column":4},"end":{"line":59,"column":8}},"22":{"start":{"line":60,"column":4},"end":{"line":60,"column":9}},"23":{"start":{"line":61,"column":4},"end":{"line":61,"column":9}},"24":{"start":{"line":62,"column":4},"end":{"line":62,"column":9}},"25":{"start":{"line":63,"column":4},"end":{"line":63,"column":9}},"26":{"start":{"line":67,"column":4},"end":{"line":70,"column":12}},"27":{"start":{"line":68,"column":6},"end":{"line":68,"column":11}},"28":{"start":{"line":70,"column":6},"end":{"line":70,"column":12}},"29":{"start":{"line":74,"column":4},"end":{"line":74,"column":11}},"30":{"start":{"line":87,"column":4},"end":{"line":87,"column":9}},"31":{"start":{"line":88,"column":6},"end":{"line":99,"column":17}},"32":{"start":{"line":89,"column":8},"end":{"line":95,"column":19}},"33":{"start":{"line":90,"column":10},"end":{"line":91,"column":18}},"34":{"start":{"line":91,"column":12},"end":{"line":91,"column":18}},"35":{"start":{"line":92,"column":10},"end":{"line":92,"column":14}},"36":{"start":{"line":93,"column":10},"end":{"line":93,"column":14}},"37":{"start":{"line":94,"column":10},"end":{"line":94,"column":14}},"38":{"start":{"line":95,"column":15},"end":{"line":95,"column":19}},"39":{"start":{"line":97,"column":8},"end":{"line":97,"column":15}},"40":{"start":{"line":99,"column":11},"end":{"line":99,"column":17}},"41":{"start":{"line":104,"column":4},"end":{"line":104,"column":11}},"42":{"start":{"line":108,"column":4},"end":{"line":111,"column":12}},"43":{"start":{"line":109,"column":6},"end":{"line":109,"column":11}},"44":{"start":{"line":111,"column":6},"end":{"line":111,"column":12}},"45":{"start":{"line":115,"column":4},"end":{"line":115,"column":11}},"46":{"start":{"line":123,"column":4},"end":{"line":126,"column":12}},"47":{"start":{"line":124,"column":6},"end":{"line":124,"column":11}},"48":{"start":{"line":126,"column":6},"end":{"line":126,"column":12}},"49":{"start":{"line":130,"column":4},"end":{"line":130,"column":11}},"50":{"start":{"line":137,"column":4},"end":{"line":137,"column":11}},"51":{"start":{"line":139,"column":40},"end":{"line":139,"column":41}},"52":{"start":{"line":144,"column":4},"end":{"line":144,"column":11}},"53":{"start":{"line":150,"column":21},"end":{"line":154,"column":30}},"54":{"start":{"line":156,"column":21},"end":{"line":156,"column":25}},"55":{"start":{"line":157,"column":4},"end":{"line":157,"column":12}},"56":{"start":{"line":157,"column":52},"end":{"line":159,"column":23}},"57":{"start":{"line":160,"column":4},"end":{"line":160,"column":11}},"58":{"start":{"line":175,"column":45},"end":{"line":175,"column":null}},"59":{"start":{"line":176,"column":18},"end":{"line":176,"column":23}},"60":{"start":{"line":176,"column":44},"end":{"line":176,"column":null}},"61":{"start":{"line":178,"column":6},"end":{"line":178,"column":11}},"62":{"start":{"line":178,"column":32},"end":{"line":178,"column":null}},"63":{"start":{"line":179,"column":4},"end":{"line":179,"column":9}},"64":{"start":{"line":180,"column":6},"end":{"line":183,"column":21}},"65":{"start":{"line":181,"column":8},"end":{"line":181,"column":21}},"66":{"start":{"line":183,"column":8},"end":{"line":183,"column":21}},"67":{"start":{"line":185,"column":4},"end":{"line":185,"column":10}},"68":{"start":{"line":186,"column":6},"end":{"line":192,"column":26}},"69":{"start":{"line":187,"column":54},"end":{"line":187,"column":null}},"70":{"start":{"line":188,"column":8},"end":{"line":188,"column":21}},"71":{"start":{"line":189,"column":10},"end":{"line":189,"column":15}},"72":{"start":{"line":190,"column":12},"end":{"line":190,"column":28}},"73":{"start":{"line":191,"column":8},"end":{"line":191,"column":21}},"74":{"start":{"line":192,"column":13},"end":{"line":192,"column":26}},"75":{"start":{"line":194,"column":4},"end":{"line":194,"column":11}}},"fnMap":{"0":{"name":"(anonymous_0)","decl":{"start":{"line":27,"column":37},"end":{"line":27,"column":38}},"loc":{"start":{"line":27,"column":116},"end":{"line":29,"column":null}}},"1":{"name":"(anonymous_1)","decl":{"start":{"line":35,"column":34},"end":{"line":35,"column":64}},"loc":{"start":{"line":35,"column":64},"end":{"line":43,"column":null}}},"2":{"name":"(anonymous_2)","decl":{"start":{"line":38,"column":25},"end":{"line":38,"column":30}},"loc":{"start":{"line":38,"column":33},"end":{"line":41,"column":null}}},"3":{"name":"(anonymous_3)","decl":{"start":{"line":48,"column":20},"end":{"line":48,"column":27}},"loc":{"start":{"line":48,"column":27},"end":{"line":48,"column":28}}},"4":{"name":"(anonymous_4)","decl":{"start":{"line":56,"column":2},"end":{"line":56,"column":14}},"loc":{"start":{"line":57,"column":46},"end":{"line":64,"column":null}}},"5":{"name":"(anonymous_5)","decl":{"start":{"line":66,"column":2},"end":{"line":66,"column":6}},"loc":{"start":{"line":66,"column":34},"end":{"line":71,"column":null}}},"6":{"name":"(anonymous_6)","decl":{"start":{"line":73,"column":2},"end":{"line":73,"column":6}},"loc":{"start":{"line":73,"column":20},"end":{"line":75,"column":null}}},"7":{"name":"(anonymous_7)","decl":{"start":{"line":86,"column":2},"end":{"line":86,"column":6}},"loc":{"start":{"line":86,"column":39},"end":{"line":101,"column":null}}},"8":{"name":"(anonymous_8)","decl":{"start":{"line":87,"column":31},"end":{"line":87,"column":35}},"loc":{"start":{"line":87,"column":38},"end":{"line":100,"column":null}}},"9":{"name":"(anonymous_9)","decl":{"start":{"line":103,"column":2},"end":{"line":103,"column":6}},"loc":{"start":{"line":103,"column":14},"end":{"line":105,"column":null}}},"10":{"name":"(anonymous_10)","decl":{"start":{"line":107,"column":2},"end":{"line":107,"column":6}},"loc":{"start":{"line":107,"column":28},"end":{"line":112,"column":null}}},"11":{"name":"(anonymous_11)","decl":{"start":{"line":114,"column":2},"end":{"line":114,"column":6}},"loc":{"start":{"line":114,"column":14},"end":{"line":116,"column":null}}},"12":{"name":"(anonymous_12)","decl":{"start":{"line":122,"column":2},"end":{"line":122,"column":6}},"loc":{"start":{"line":122,"column":32},"end":{"line":127,"column":null}}},"13":{"name":"(anonymous_13)","decl":{"start":{"line":129,"column":2},"end":{"line":129,"column":6}},"loc":{"start":{"line":129,"column":18},"end":{"line":131,"column":null}}},"14":{"name":"(anonymous_14)","decl":{"start":{"line":136,"column":2},"end":{"line":136,"column":8}},"loc":{"start":{"line":136,"column":27},"end":{"line":141,"column":null}}},"15":{"name":"(anonymous_15)","decl":{"start":{"line":139,"column":35},"end":{"line":139,"column":36}},"loc":{"start":{"line":139,"column":40},"end":{"line":139,"column":41}}},"16":{"name":"(anonymous_16)","decl":{"start":{"line":143,"column":2},"end":{"line":143,"column":9}},"loc":{"start":{"line":143,"column":38},"end":{"line":145,"column":null}}},"17":{"name":"(anonymous_17)","decl":{"start":{"line":147,"column":2},"end":{"line":147,"column":9}},"loc":{"start":{"line":149,"column":34},"end":{"line":161,"column":null}}},"18":{"name":"(anonymous_18)","decl":{"start":{"line":157,"column":42},"end":{"line":157,"column":47}},"loc":{"start":{"line":157,"column":52},"end":{"line":159,"column":23}}},"19":{"name":"(anonymous_19)","decl":{"start":{"line":174,"column":2},"end":{"line":174,"column":9}},"loc":{"start":{"line":174,"column":9},"end":{"line":195,"column":null}}},"20":{"name":"(anonymous_20)","decl":{"start":{"line":176,"column":39},"end":{"line":176,"column":40}},"loc":{"start":{"line":176,"column":44},"end":{"line":176,"column":null}}},"21":{"name":"(anonymous_21)","decl":{"start":{"line":178,"column":27},"end":{"line":178,"column":28}},"loc":{"start":{"line":178,"column":32},"end":{"line":178,"column":null}}},"22":{"name":"(anonymous_22)","decl":{"start":{"line":179,"column":18},"end":{"line":179,"column":22}},"loc":{"start":{"line":179,"column":25},"end":{"line":184,"column":null}}},"23":{"name":"(anonymous_23)","decl":{"start":{"line":185,"column":19},"end":{"line":185,"column":24}},"loc":{"start":{"line":185,"column":27},"end":{"line":193,"column":null}}},"24":{"name":"(anonymous_24)","decl":{"start":{"line":188,"column":30},"end":{"line":188,"column":44}},"loc":{"start":{"line":189,"column":10},"end":{"line":189,"column":15}}},"25":{"name":"(anonymous_25)","decl":{"start":{"line":189,"column":34},"end":{"line":189,"column":53}},"loc":{"start":{"line":190,"column":12},"end":{"line":190,"column":28}}}},"branchMap":{"0":{"loc":{"start":{"line":28,"column":17},"end":{"line":28,"column":34}},"type":"binary-expr","locations":[{"start":{"line":28,"column":17},"end":{"line":28,"column":34}},{"start":{"line":28,"column":34},"end":{"line":28,"column":78}}]},"1":{"loc":{"start":{"line":39,"column":4},"end":{"line":40,"column":17}},"type":"if","locations":[{"start":{"line":39,"column":4},"end":{"line":40,"column":17}},{"start":{"line":39,"column":4},"end":{"line":40,"column":17}}]},"2":{"loc":{"start":{"line":56,"column":47},"end":{"line":56,"column":null}},"type":"default-arg","locations":[{"start":{"line":56,"column":47},"end":{"line":56,"column":null}}]},"3":{"loc":{"start":{"line":67,"column":4},"end":{"line":70,"column":12}},"type":"if","locations":[{"start":{"line":67,"column":4},"end":{"line":70,"column":12}},{"start":{"line":67,"column":4},"end":{"line":70,"column":12}}]},"4":{"loc":{"start":{"line":88,"column":6},"end":{"line":99,"column":17}},"type":"if","locations":[{"start":{"line":88,"column":6},"end":{"line":99,"column":17}},{"start":{"line":88,"column":6},"end":{"line":99,"column":17}}]},"5":{"loc":{"start":{"line":89,"column":8},"end":{"line":95,"column":19}},"type":"if","locations":[{"start":{"line":89,"column":8},"end":{"line":95,"column":19}},{"start":{"line":89,"column":8},"end":{"line":95,"column":19}}]},"6":{"loc":{"start":{"line":90,"column":10},"end":{"line":91,"column":18}},"type":"if","locations":[{"start":{"line":90,"column":10},"end":{"line":91,"column":18}},{"start":{"line":90,"column":10},"end":{"line":91,"column":18}}]},"7":{"loc":{"start":{"line":108,"column":4},"end":{"line":111,"column":12}},"type":"if","locations":[{"start":{"line":108,"column":4},"end":{"line":111,"column":12}},{"start":{"line":108,"column":4},"end":{"line":111,"column":12}}]},"8":{"loc":{"start":{"line":108,"column":8},"end":{"line":108,"column":28}},"type":"binary-expr","locations":[{"start":{"line":108,"column":8},"end":{"line":108,"column":28}},{"start":{"line":108,"column":28},"end":{"line":108,"column":null}}]},"9":{"loc":{"start":{"line":123,"column":4},"end":{"line":126,"column":12}},"type":"if","locations":[{"start":{"line":123,"column":4},"end":{"line":126,"column":12}},{"start":{"line":123,"column":4},"end":{"line":126,"column":12}}]},"10":{"loc":{"start":{"line":123,"column":8},"end":{"line":123,"column":28}},"type":"binary-expr","locations":[{"start":{"line":123,"column":8},"end":{"line":123,"column":28}},{"start":{"line":123,"column":28},"end":{"line":123,"column":42}},{"start":{"line":123,"column":42},"end":{"line":123,"column":61}},{"start":{"line":123,"column":61},"end":{"line":123,"column":null}}]},"11":{"loc":{"start":{"line":136,"column":23},"end":{"line":136,"column":27}},"type":"default-arg","locations":[{"start":{"line":136,"column":23},"end":{"line":136,"column":27}}]},"12":{"loc":{"start":{"line":137,"column":40},"end":{"line":137,"column":41}},"type":"cond-expr","locations":[{"start":{"line":137,"column":40},"end":{"line":137,"column":41}},{"start":{"line":137,"column":69},"end":{"line":137,"column":74}}]},"13":{"loc":{"start":{"line":144,"column":11},"end":{"line":144,"column":35}},"type":"binary-expr","locations":[{"start":{"line":144,"column":11},"end":{"line":144,"column":35}},{"start":{"line":144,"column":35},"end":{"line":144,"column":null}}]},"14":{"loc":{"start":{"line":149,"column":33},"end":{"line":149,"column":34}},"type":"default-arg","locations":[{"start":{"line":149,"column":33},"end":{"line":149,"column":34}}]},"15":{"loc":{"start":{"line":151,"column":8},"end":{"line":153,"column":21}},"type":"cond-expr","locations":[{"start":{"line":151,"column":8},"end":{"line":153,"column":21}},{"start":{"line":154,"column":8},"end":{"line":154,"column":30}}]},"16":{"loc":{"start":{"line":152,"column":10},"end":{"line":152,"column":25}},"type":"cond-expr","locations":[{"start":{"line":152,"column":10},"end":{"line":152,"column":25}},{"start":{"line":153,"column":10},"end":{"line":153,"column":21}}]},"17":{"loc":{"start":{"line":158,"column":8},"end":{"line":158,"column":27}},"type":"cond-expr","locations":[{"start":{"line":158,"column":8},"end":{"line":158,"column":27}},{"start":{"line":159,"column":8},"end":{"line":159,"column":23}}]},"18":{"loc":{"start":{"line":175,"column":91},"end":{"line":175,"column":92}},"type":"cond-expr","locations":[{"start":{"line":175,"column":91},"end":{"line":175,"column":92}},{"start":{"line":175,"column":98},"end":{"line":175,"column":null}}]},"19":{"loc":{"start":{"line":180,"column":6},"end":{"line":183,"column":21}},"type":"if","locations":[{"start":{"line":180,"column":6},"end":{"line":183,"column":21}},{"start":{"line":180,"column":6},"end":{"line":183,"column":21}}]},"20":{"loc":{"start":{"line":186,"column":6},"end":{"line":192,"column":26}},"type":"if","locations":[{"start":{"line":186,"column":6},"end":{"line":192,"column":26}},{"start":{"line":186,"column":6},"end":{"line":192,"column":26}}]}},"s":{"0":11,"1":11,"2":11,"3":11,"4":11,"5":11,"6":45,"7":11,"8":31,"9":31,"10":31,"11":17,"12":2,"13":31,"14":11,"15":121,"16":84,"17":84,"18":84,"19":84,"20":84,"21":84,"22":84,"23":84,"24":84,"25":84,"26":85,"27":85,"28":0,"29":76,"30":124,"31":51,"32":51,"33":20,"34":2,"35":18,"36":18,"37":18,"38":31,"39":49,"40":0,"41":237,"42":126,"43":125,"44":1,"45":179,"46":126,"47":125,"48":1,"49":147,"50":18,"51":27,"52":64,"53":36,"54":36,"55":36,"56":45,"57":36,"58":15,"59":15,"60":32,"61":15,"62":32,"63":15,"64":24,"65":12,"66":12,"67":15,"68":8,"69":5,"70":5,"71":6,"72":14,"73":5,"74":3,"75":15},"f":{"0":45,"1":31,"2":17,"3":121,"4":84,"5":85,"6":76,"7":124,"8":51,"9":237,"10":126,"11":179,"12":126,"13":147,"14":18,"15":27,"16":64,"17":36,"18":45,"19":15,"20":32,"21":32,"22":24,"23":8,"24":6,"25":14},"b":{"0":[45,29],"1":[2,15],"2":[37],"3":[85,0],"4":[51,0],"5":[20,31],"6":[2,18],"7":[125,1],"8":[126,57],"9":[125,1],"10":[126,69,57,57],"11":[8],"12":[8,10],"13":[64,34],"14":[21],"15":[21,15],"16":[21,0],"17":[15,30],"18":[8,7],"19":[12,12],"20":[5,3]}}
,"/Users/huba/repos/vue-expression-builder/src/core/Interfaces.ts": {"path":"/Users/huba/repos/vue-expression-builder/src/core/Interfaces.ts","statementMap":{"0":{"start":{"line":18,"column":4},"end":{"line":18,"column":11}}},"fnMap":{"0":{"name":"isIExpressionNode","decl":{"start":{"line":17,"column":16},"end":{"line":17,"column":34}},"loc":{"start":{"line":17,"column":45},"end":{"line":19,"column":null}}}},"branchMap":{"0":{"loc":{"start":{"line":18,"column":11},"end":{"line":18,"column":30}},"type":"binary-expr","locations":[{"start":{"line":18,"column":11},"end":{"line":18,"column":30}},{"start":{"line":18,"column":30},"end":{"line":18,"column":null}}]}},"s":{"0":51},"f":{"0":51},"b":{"0":[51,51]}}
,"/Users/huba/repos/vue-expression-builder/tests/utils.ts": {"path":"/Users/huba/repos/vue-expression-builder/tests/utils.ts","statementMap":{"0":{"start":{"line":3,"column":0},"end":{"line":3,"column":null}},"1":{"start":{"line":4,"column":0},"end":{"line":4,"column":null}},"2":{"start":{"line":6,"column":50},"end":{"line":6,"column":null}},"3":{"start":{"line":26,"column":51},"end":{"line":26,"column":null}},"4":{"start":{"line":34,"column":39},"end":{"line":35,"column":6}},"5":{"start":{"line":35,"column":2},"end":{"line":35,"column":6}}},"fnMap":{"0":{"name":"(anonymous_0)","decl":{"start":{"line":34,"column":39},"end":{"line":34,"column":null}},"loc":{"start":{"line":35,"column":2},"end":{"line":35,"column":6}}}},"branchMap":{},"s":{"0":10,"1":10,"2":10,"3":10,"4":10,"5":12},"f":{"0":12},"b":{}}
}
