{"/Users/huba/repos/vue-expression-builder/src/components/ExpressionBuilderRenderless.ts": {"path":"/Users/huba/repos/vue-expression-builder/src/components/ExpressionBuilderRenderless.ts","statementMap":{"0":{"start":{"line":1,"column":0},"end":{"line":1,"column":null}},"1":{"start":{"line":3,"column":0},"end":{"line":3,"column":null}},"2":{"start":{"line":4,"column":0},"end":{"line":4,"column":null}},"3":{"start":{"line":8,"column":0},"end":{"line":8,"column":null}},"4":{"start":{"line":11,"column":9},"end":{"line":11,"column":25}},"5":{"start":{"line":16,"column":4},"end":{"line":16,"column":9}},"6":{"start":{"line":17,"column":4},"end":{"line":17,"column":9}},"7":{"start":{"line":18,"column":4},"end":{"line":18,"column":9}},"8":{"start":{"line":22,"column":25},"end":{"line":22,"column":29}},"9":{"start":{"line":23,"column":14},"end":{"line":23,"column":18}},"10":{"start":{"line":25,"column":4},"end":{"line":25,"column":12}},"11":{"start":{"line":27,"column":8},"end":{"line":27,"column":13}},"12":{"start":{"line":28,"column":8},"end":{"line":28,"column":null}},"13":{"start":{"line":30,"column":8},"end":{"line":30,"column":13}},"14":{"start":{"line":31,"column":8},"end":{"line":31,"column":null}},"15":{"start":{"line":33,"column":8},"end":{"line":33,"column":13}},"16":{"start":{"line":34,"column":8},"end":{"line":34,"column":null}},"17":{"start":{"line":36,"column":8},"end":{"line":36,"column":13}},"18":{"start":{"line":37,"column":8},"end":{"line":37,"column":null}},"19":{"start":{"line":40,"column":4},"end":{"line":40,"column":9}},"20":{"start":{"line":44,"column":4},"end":{"line":44,"column":11}},"21":{"start":{"line":48,"column":4},"end":{"line":48,"column":11}},"22":{"start":{"line":9,"column":10},"end":{"line":9,"column":52}},"23":{"start":{"line":8,"column":21},"end":{"line":8,"column":48}}},"fnMap":{"0":{"name":"(anonymous_0)","decl":{"start":{"line":8,"column":0},"end":{"line":8,"column":21}},"loc":{"start":{"line":8,"column":0},"end":{"line":54,"column":null}}},"1":{"name":"(anonymous_1)","decl":{"start":{"line":15,"column":2},"end":{"line":15,"column":9}},"loc":{"start":{"line":15,"column":9},"end":{"line":19,"column":null}}},"2":{"name":"(anonymous_2)","decl":{"start":{"line":21,"column":2},"end":{"line":21,"column":13}},"loc":{"start":{"line":21,"column":34},"end":{"line":41,"column":null}}},"3":{"name":"(anonymous_3)","decl":{"start":{"line":43,"column":2},"end":{"line":43,"column":6}},"loc":{"start":{"line":43,"column":10},"end":{"line":45,"column":null}}},"4":{"name":"(anonymous_4)","decl":{"start":{"line":47,"column":2},"end":{"line":47,"column":8}},"loc":{"start":{"line":47,"column":8},"end":{"line":52,"column":null}}}},"branchMap":{"0":{"loc":{"start":{"line":26,"column":6},"end":{"line":28,"column":null}},"type":"switch","locations":[{"start":{"line":26,"column":6},"end":{"line":28,"column":null}},{"start":{"line":29,"column":6},"end":{"line":31,"column":null}},{"start":{"line":32,"column":6},"end":{"line":34,"column":null}},{"start":{"line":35,"column":6},"end":{"line":37,"column":null}}]}},"s":{"0":1,"1":1,"2":1,"3":1,"4":11,"5":11,"6":11,"7":11,"8":9,"9":9,"10":9,"11":4,"12":4,"13":2,"14":2,"15":2,"16":2,"17":1,"18":1,"19":9,"20":11,"21":11,"22":1,"23":2},"f":{"0":11,"1":11,"2":9,"3":11,"4":11},"b":{"0":[4,2,2,1]}}
,"/Users/huba/repos/vue-expression-builder/src/components/ExpressionNodeBase.ts": {"path":"/Users/huba/repos/vue-expression-builder/src/components/ExpressionNodeBase.ts","statementMap":{"0":{"start":{"line":1,"column":0},"end":{"line":1,"column":null}},"1":{"start":{"line":3,"column":0},"end":{"line":3,"column":null}},"2":{"start":{"line":4,"column":0},"end":{"line":4,"column":null}},"3":{"start":{"line":10,"column":21},"end":{"line":15,"column":null}},"4":{"start":{"line":11,"column":2},"end":{"line":14,"column":11}},"5":{"start":{"line":12,"column":4},"end":{"line":12,"column":11}},"6":{"start":{"line":14,"column":4},"end":{"line":14,"column":11}},"7":{"start":{"line":18,"column":0},"end":{"line":18,"column":null}},"8":{"start":{"line":23,"column":15},"end":{"line":23,"column":27}},"9":{"start":{"line":24,"column":4},"end":{"line":25,"column":10}},"10":{"start":{"line":25,"column":6},"end":{"line":25,"column":10}},"11":{"start":{"line":26,"column":4},"end":{"line":26,"column":9}},"12":{"start":{"line":30,"column":17},"end":{"line":30,"column":22}},"13":{"start":{"line":31,"column":4},"end":{"line":34,"column":10}},"14":{"start":{"line":32,"column":6},"end":{"line":32,"column":10}},"15":{"start":{"line":34,"column":6},"end":{"line":34,"column":10}},"16":{"start":{"line":35,"column":4},"end":{"line":35,"column":9}},"17":{"start":{"line":39,"column":4},"end":{"line":39,"column":9}},"18":{"start":{"line":43,"column":4},"end":{"line":46,"column":13}},"19":{"start":{"line":44,"column":6},"end":{"line":44,"column":13}},"20":{"start":{"line":46,"column":6},"end":{"line":46,"column":13}},"21":{"start":{"line":19,"column":26},"end":{"line":19,"column":59}},"22":{"start":{"line":20,"column":26},"end":{"line":20,"column":41}},"23":{"start":{"line":18,"column":21},"end":{"line":18,"column":39}}},"fnMap":{"0":{"name":"(anonymous_0)","decl":{"start":{"line":10,"column":21},"end":{"line":10,"column":56}},"loc":{"start":{"line":10,"column":56},"end":{"line":15,"column":null}}},"1":{"name":"(anonymous_1)","decl":{"start":{"line":22,"column":2},"end":{"line":22,"column":11}},"loc":{"start":{"line":22,"column":76},"end":{"line":27,"column":null}}},"2":{"name":"(anonymous_2)","decl":{"start":{"line":29,"column":2},"end":{"line":29,"column":22}},"loc":{"start":{"line":29,"column":41},"end":{"line":36,"column":null}}},"3":{"name":"(anonymous_3)","decl":{"start":{"line":38,"column":2},"end":{"line":38,"column":12}},"loc":{"start":{"line":38,"column":12},"end":{"line":40,"column":null}}},"4":{"name":"(anonymous_4)","decl":{"start":{"line":42,"column":2},"end":{"line":42,"column":6}},"loc":{"start":{"line":42,"column":11},"end":{"line":47,"column":null}}}},"branchMap":{"0":{"loc":{"start":{"line":11,"column":2},"end":{"line":14,"column":11}},"type":"if","locations":[{"start":{"line":11,"column":2},"end":{"line":14,"column":11}},{"start":{"line":11,"column":2},"end":{"line":14,"column":11}}]},"1":{"loc":{"start":{"line":22,"column":45},"end":{"line":22,"column":62}},"type":"default-arg","locations":[{"start":{"line":22,"column":45},"end":{"line":22,"column":62}}]},"2":{"loc":{"start":{"line":24,"column":4},"end":{"line":25,"column":10}},"type":"if","locations":[{"start":{"line":24,"column":4},"end":{"line":25,"column":10}},{"start":{"line":24,"column":4},"end":{"line":25,"column":10}}]},"3":{"loc":{"start":{"line":31,"column":4},"end":{"line":34,"column":10}},"type":"if","locations":[{"start":{"line":31,"column":4},"end":{"line":34,"column":10}},{"start":{"line":31,"column":4},"end":{"line":34,"column":10}}]},"4":{"loc":{"start":{"line":43,"column":4},"end":{"line":46,"column":13}},"type":"if","locations":[{"start":{"line":43,"column":4},"end":{"line":46,"column":13}},{"start":{"line":43,"column":4},"end":{"line":46,"column":13}}]}},"s":{"0":2,"1":2,"2":2,"3":2,"4":44,"5":19,"6":25,"7":2,"8":19,"9":19,"10":8,"11":19,"12":3,"13":3,"14":2,"15":1,"16":3,"17":2,"18":19,"19":19,"20":0,"21":2,"22":2,"23":4},"f":{"0":44,"1":19,"2":3,"3":2,"4":19},"b":{"0":[19,25],"1":[5],"2":[8,11],"3":[2,1],"4":[19,0]}}
,"/Users/huba/repos/vue-expression-builder/src/components/ExpressionNodeGroupRenderless.ts": {"path":"/Users/huba/repos/vue-expression-builder/src/components/ExpressionNodeGroupRenderless.ts","statementMap":{"0":{"start":{"line":1,"column":0},"end":{"line":1,"column":null}},"1":{"start":{"line":2,"column":0},"end":{"line":2,"column":null}},"2":{"start":{"line":3,"column":0},"end":{"line":3,"column":null}},"3":{"start":{"line":4,"column":0},"end":{"line":4,"column":null}},"4":{"start":{"line":9,"column":0},"end":{"line":9,"column":null}},"5":{"start":{"line":13,"column":4},"end":{"line":13,"column":9}},"6":{"start":{"line":17,"column":4},"end":{"line":17,"column":9}},"7":{"start":{"line":21,"column":4},"end":{"line":21,"column":9}},"8":{"start":{"line":25,"column":4},"end":{"line":25,"column":18}},"9":{"start":{"line":31,"column":4},"end":{"line":31,"column":6}},"10":{"start":{"line":35,"column":4},"end":{"line":35,"column":18}},"11":{"start":{"line":41,"column":4},"end":{"line":41,"column":6}},"12":{"start":{"line":45,"column":4},"end":{"line":45,"column":9}},"13":{"start":{"line":49,"column":4},"end":{"line":49,"column":9}},"14":{"start":{"line":53,"column":4},"end":{"line":53,"column":9}},"15":{"start":{"line":57,"column":4},"end":{"line":57,"column":9}},"16":{"start":{"line":61,"column":4},"end":{"line":61,"column":9}},"17":{"start":{"line":65,"column":4},"end":{"line":65,"column":9}},"18":{"start":{"line":69,"column":4},"end":{"line":69,"column":11}},"19":{"start":{"line":72,"column":34},"end":{"line":72,"column":39}},"20":{"start":{"line":10,"column":58},"end":{"line":10,"column":100}},"21":{"start":{"line":9,"column":21},"end":{"line":9,"column":50}}},"fnMap":{"0":{"name":"(anonymous_0)","decl":{"start":{"line":12,"column":10},"end":{"line":12,"column":13}},"loc":{"start":{"line":12,"column":50},"end":{"line":14,"column":null}}},"1":{"name":"(anonymous_1)","decl":{"start":{"line":16,"column":10},"end":{"line":16,"column":16}},"loc":{"start":{"line":16,"column":53},"end":{"line":18,"column":null}}},"2":{"name":"(anonymous_2)","decl":{"start":{"line":20,"column":10},"end":{"line":20,"column":13}},"loc":{"start":{"line":20,"column":35},"end":{"line":22,"column":null}}},"3":{"name":"(anonymous_3)","decl":{"start":{"line":24,"column":10},"end":{"line":24,"column":31}},"loc":{"start":{"line":24,"column":85},"end":{"line":32,"column":null}}},"4":{"name":"(anonymous_4)","decl":{"start":{"line":34,"column":10},"end":{"line":34,"column":30}},"loc":{"start":{"line":34,"column":107},"end":{"line":42,"column":null}}},"5":{"name":"(anonymous_5)","decl":{"start":{"line":44,"column":9},"end":{"line":44,"column":16}},"loc":{"start":{"line":44,"column":78},"end":{"line":46,"column":null}}},"6":{"name":"(anonymous_6)","decl":{"start":{"line":48,"column":9},"end":{"line":48,"column":17}},"loc":{"start":{"line":48,"column":56},"end":{"line":50,"column":null}}},"7":{"name":"(anonymous_7)","decl":{"start":{"line":52,"column":9},"end":{"line":52,"column":19}},"loc":{"start":{"line":52,"column":81},"end":{"line":54,"column":null}}},"8":{"name":"(anonymous_8)","decl":{"start":{"line":56,"column":9},"end":{"line":56,"column":20}},"loc":{"start":{"line":56,"column":59},"end":{"line":58,"column":null}}},"9":{"name":"(anonymous_9)","decl":{"start":{"line":60,"column":9},"end":{"line":60,"column":16}},"loc":{"start":{"line":60,"column":63},"end":{"line":62,"column":null}}},"10":{"name":"(anonymous_10)","decl":{"start":{"line":64,"column":9},"end":{"line":64,"column":17}},"loc":{"start":{"line":64,"column":41},"end":{"line":66,"column":null}}},"11":{"name":"(anonymous_11)","decl":{"start":{"line":68,"column":2},"end":{"line":68,"column":8}},"loc":{"start":{"line":68,"column":8},"end":{"line":81,"column":null}}},"12":{"name":"(anonymous_12)","decl":{"start":{"line":72,"column":28},"end":{"line":72,"column":34}},"loc":{"start":{"line":72,"column":34},"end":{"line":72,"column":39}}}},"branchMap":{"0":{"loc":{"start":{"line":26,"column":8},"end":{"line":28,"column":null}},"type":"cond-expr","locations":[{"start":{"line":26,"column":8},"end":{"line":28,"column":null}},{"start":{"line":29,"column":8},"end":{"line":29,"column":null}}]},"1":{"loc":{"start":{"line":27,"column":10},"end":{"line":27,"column":null}},"type":"cond-expr","locations":[{"start":{"line":27,"column":10},"end":{"line":27,"column":null}},{"start":{"line":28,"column":10},"end":{"line":28,"column":null}}]},"2":{"loc":{"start":{"line":26,"column":8},"end":{"line":26,"column":30}},"type":"binary-expr","locations":[{"start":{"line":26,"column":8},"end":{"line":26,"column":30}},{"start":{"line":26,"column":30},"end":{"line":26,"column":35}}]},"3":{"loc":{"start":{"line":36,"column":8},"end":{"line":38,"column":null}},"type":"cond-expr","locations":[{"start":{"line":36,"column":8},"end":{"line":38,"column":null}},{"start":{"line":39,"column":8},"end":{"line":39,"column":null}}]},"4":{"loc":{"start":{"line":37,"column":10},"end":{"line":37,"column":null}},"type":"cond-expr","locations":[{"start":{"line":37,"column":10},"end":{"line":37,"column":null}},{"start":{"line":38,"column":10},"end":{"line":38,"column":null}}]},"5":{"loc":{"start":{"line":36,"column":8},"end":{"line":36,"column":30}},"type":"binary-expr","locations":[{"start":{"line":36,"column":8},"end":{"line":36,"column":30}},{"start":{"line":36,"column":30},"end":{"line":36,"column":35}}]}},"s":{"0":2,"1":2,"2":2,"3":2,"4":2,"5":4,"6":4,"7":4,"8":9,"9":9,"10":3,"11":3,"12":1,"13":3,"14":1,"15":3,"16":1,"17":3,"18":12,"19":0,"20":2,"21":4},"f":{"0":4,"1":4,"2":4,"3":9,"4":3,"5":1,"6":3,"7":1,"8":3,"9":1,"10":3,"11":12,"12":0},"b":{"0":[6,3],"1":[0,6],"2":[6,4],"3":[3,0],"4":[2,1],"5":[3,2]}}
,"/Users/huba/repos/vue-expression-builder/src/components/ExpressionNodeRenderless.ts": {"path":"/Users/huba/repos/vue-expression-builder/src/components/ExpressionNodeRenderless.ts","statementMap":{"0":{"start":{"line":1,"column":0},"end":{"line":1,"column":null}},"1":{"start":{"line":2,"column":0},"end":{"line":2,"column":null}},"2":{"start":{"line":3,"column":0},"end":{"line":3,"column":null}},"3":{"start":{"line":8,"column":0},"end":{"line":8,"column":null}},"4":{"start":{"line":12,"column":4},"end":{"line":12,"column":9}},"5":{"start":{"line":16,"column":4},"end":{"line":16,"column":11}},"6":{"start":{"line":19,"column":34},"end":{"line":19,"column":39}},"7":{"start":{"line":9,"column":53},"end":{"line":9,"column":90}},"8":{"start":{"line":8,"column":21},"end":{"line":8,"column":45}}},"fnMap":{"0":{"name":"(anonymous_0)","decl":{"start":{"line":11,"column":2},"end":{"line":11,"column":8}},"loc":{"start":{"line":11,"column":30},"end":{"line":13,"column":null}}},"1":{"name":"(anonymous_1)","decl":{"start":{"line":15,"column":2},"end":{"line":15,"column":8}},"loc":{"start":{"line":15,"column":8},"end":{"line":23,"column":null}}},"2":{"name":"(anonymous_2)","decl":{"start":{"line":19,"column":28},"end":{"line":19,"column":34}},"loc":{"start":{"line":19,"column":34},"end":{"line":19,"column":39}}}},"branchMap":{},"s":{"0":2,"1":2,"2":2,"3":2,"4":2,"5":7,"6":0,"7":2,"8":4},"f":{"0":2,"1":7,"2":0},"b":{}}
,"/Users/huba/repos/vue-expression-builder/src/components/Utils.ts": {"path":"/Users/huba/repos/vue-expression-builder/src/components/Utils.ts","statementMap":{"0":{"start":{"line":9,"column":27},"end":{"line":9,"column":null}}},"fnMap":{},"branchMap":{},"s":{"0":2},"f":{},"b":{}}
,"/Users/huba/repos/vue-expression-builder/src/core/ExpressionBuilder.ts": {"path":"/Users/huba/repos/vue-expression-builder/src/core/ExpressionBuilder.ts","statementMap":{"0":{"start":{"line":1,"column":0},"end":{"line":1,"column":null}},"1":{"start":{"line":9,"column":4},"end":{"line":9,"column":9}},"2":{"start":{"line":14,"column":4},"end":{"line":14,"column":9}},"3":{"start":{"line":18,"column":4},"end":{"line":18,"column":11}},"4":{"start":{"line":22,"column":4},"end":{"line":22,"column":11}},"5":{"start":{"line":29,"column":4},"end":{"line":42,"column":null}},"6":{"start":{"line":30,"column":6},"end":{"line":30,"column":10}},"7":{"start":{"line":32,"column":6},"end":{"line":38,"column":null}},"8":{"start":{"line":33,"column":8},"end":{"line":34,"column":16}},"9":{"start":{"line":34,"column":10},"end":{"line":34,"column":16}},"10":{"start":{"line":35,"column":8},"end":{"line":35,"column":12}},"11":{"start":{"line":36,"column":8},"end":{"line":36,"column":12}},"12":{"start":{"line":37,"column":8},"end":{"line":37,"column":18}},"13":{"start":{"line":39,"column":6},"end":{"line":39,"column":15}},"14":{"start":{"line":40,"column":6},"end":{"line":40,"column":11}},"15":{"start":{"line":41,"column":6},"end":{"line":41,"column":13}},"16":{"start":{"line":43,"column":4},"end":{"line":43,"column":10}},"17":{"start":{"line":47,"column":4},"end":{"line":47,"column":9}},"18":{"start":{"line":51,"column":4},"end":{"line":51,"column":11}},"19":{"start":{"line":55,"column":4},"end":{"line":55,"column":9}},"20":{"start":{"line":59,"column":4},"end":{"line":59,"column":11}},"21":{"start":{"line":63,"column":4},"end":{"line":63,"column":9}},"22":{"start":{"line":67,"column":4},"end":{"line":67,"column":11}},"23":{"start":{"line":71,"column":4},"end":{"line":74,"column":null}},"24":{"start":{"line":72,"column":6},"end":{"line":72,"column":11}},"25":{"start":{"line":73,"column":6},"end":{"line":73,"column":13}},"26":{"start":{"line":75,"column":4},"end":{"line":75,"column":10}},"27":{"start":{"line":79,"column":4},"end":{"line":80,"column":11}},"28":{"start":{"line":80,"column":6},"end":{"line":80,"column":11}},"29":{"start":{"line":81,"column":4},"end":{"line":81,"column":11}},"30":{"start":{"line":85,"column":4},"end":{"line":85,"column":9}},"31":{"start":{"line":86,"column":4},"end":{"line":86,"column":11}},"32":{"start":{"line":96,"column":4},"end":{"line":96,"column":33}},"33":{"start":{"line":96,"column":26},"end":{"line":96,"column":33}},"34":{"start":{"line":97,"column":22},"end":{"line":97,"column":26}},"35":{"start":{"line":98,"column":4},"end":{"line":103,"column":null}},"36":{"start":{"line":99,"column":6},"end":{"line":102,"column":15}},"37":{"start":{"line":100,"column":8},"end":{"line":100,"column":15}},"38":{"start":{"line":102,"column":8},"end":{"line":102,"column":15}},"39":{"start":{"line":104,"column":4},"end":{"line":104,"column":10}},"40":{"start":{"line":108,"column":23},"end":{"line":108,"column":40}},"41":{"start":{"line":109,"column":4},"end":{"line":109,"column":9}},"42":{"start":{"line":110,"column":4},"end":{"line":110,"column":11}},"43":{"start":{"line":114,"column":4},"end":{"line":114,"column":11}},"44":{"start":{"line":118,"column":4},"end":{"line":118,"column":11}}},"fnMap":{"0":{"name":"(anonymous_0)","decl":{"start":{"line":8,"column":2},"end":{"line":8,"column":14}},"loc":{"start":{"line":8,"column":67},"end":{"line":15,"column":null}}},"1":{"name":"(anonymous_1)","decl":{"start":{"line":17,"column":2},"end":{"line":17,"column":6}},"loc":{"start":{"line":17,"column":13},"end":{"line":19,"column":null}}},"2":{"name":"(anonymous_2)","decl":{"start":{"line":21,"column":10},"end":{"line":21,"column":24}},"loc":{"start":{"line":21,"column":39},"end":{"line":24,"column":null}}},"3":{"name":"(anonymous_3)","decl":{"start":{"line":26,"column":10},"end":{"line":26,"column":26}},"loc":{"start":{"line":26,"column":85},"end":{"line":44,"column":null}}},"4":{"name":"(anonymous_4)","decl":{"start":{"line":46,"column":10},"end":{"line":46,"column":17}},"loc":{"start":{"line":46,"column":54},"end":{"line":48,"column":null}}},"5":{"name":"(anonymous_5)","decl":{"start":{"line":50,"column":2},"end":{"line":50,"column":8}},"loc":{"start":{"line":50,"column":45},"end":{"line":52,"column":null}}},"6":{"name":"(anonymous_6)","decl":{"start":{"line":54,"column":10},"end":{"line":54,"column":14}},"loc":{"start":{"line":54,"column":36},"end":{"line":56,"column":null}}},"7":{"name":"(anonymous_7)","decl":{"start":{"line":58,"column":2},"end":{"line":58,"column":5}},"loc":{"start":{"line":58,"column":27},"end":{"line":60,"column":null}}},"8":{"name":"(anonymous_8)","decl":{"start":{"line":62,"column":10},"end":{"line":62,"column":14}},"loc":{"start":{"line":62,"column":51},"end":{"line":64,"column":null}}},"9":{"name":"(anonymous_9)","decl":{"start":{"line":66,"column":2},"end":{"line":66,"column":5}},"loc":{"start":{"line":66,"column":42},"end":{"line":68,"column":null}}},"10":{"name":"(anonymous_10)","decl":{"start":{"line":70,"column":2},"end":{"line":70,"column":8}},"loc":{"start":{"line":70,"column":22},"end":{"line":76,"column":null}}},"11":{"name":"(anonymous_11)","decl":{"start":{"line":78,"column":2},"end":{"line":78,"column":11}},"loc":{"start":{"line":78,"column":11},"end":{"line":82,"column":null}}},"12":{"name":"(anonymous_12)","decl":{"start":{"line":84,"column":2},"end":{"line":84,"column":15}},"loc":{"start":{"line":84,"column":15},"end":{"line":87,"column":null}}},"13":{"name":"(anonymous_13)","decl":{"start":{"line":95,"column":10},"end":{"line":95,"column":17}},"loc":{"start":{"line":95,"column":85},"end":{"line":105,"column":null}}},"14":{"name":"(anonymous_14)","decl":{"start":{"line":107,"column":2},"end":{"line":107,"column":11}},"loc":{"start":{"line":107,"column":31},"end":{"line":111,"column":null}}},"15":{"name":"(anonymous_15)","decl":{"start":{"line":113,"column":2},"end":{"line":113,"column":8}},"loc":{"start":{"line":113,"column":8},"end":{"line":115,"column":null}}},"16":{"name":"(anonymous_16)","decl":{"start":{"line":117,"column":2},"end":{"line":117,"column":9}},"loc":{"start":{"line":117,"column":9},"end":{"line":119,"column":null}}}},"branchMap":{"0":{"loc":{"start":{"line":10,"column":8},"end":{"line":12,"column":null}},"type":"cond-expr","locations":[{"start":{"line":10,"column":8},"end":{"line":12,"column":null}},{"start":{"line":13,"column":8},"end":{"line":13,"column":12}}]},"1":{"loc":{"start":{"line":11,"column":10},"end":{"line":11,"column":30}},"type":"cond-expr","locations":[{"start":{"line":11,"column":10},"end":{"line":11,"column":30}},{"start":{"line":12,"column":10},"end":{"line":12,"column":null}}]},"2":{"loc":{"start":{"line":22,"column":19},"end":{"line":22,"column":null}},"type":"binary-expr","locations":[{"start":{"line":22,"column":19},"end":{"line":22,"column":null}},{"start":{"line":23,"column":10},"end":{"line":23,"column":24}},{"start":{"line":23,"column":24},"end":{"line":23,"column":null}}]},"3":{"loc":{"start":{"line":29,"column":4},"end":{"line":42,"column":null}},"type":"if","locations":[{"start":{"line":29,"column":4},"end":{"line":42,"column":null}},{"start":{"line":29,"column":4},"end":{"line":42,"column":null}}]},"4":{"loc":{"start":{"line":32,"column":6},"end":{"line":38,"column":null}},"type":"if","locations":[{"start":{"line":32,"column":6},"end":{"line":38,"column":null}},{"start":{"line":32,"column":6},"end":{"line":38,"column":null}}]},"5":{"loc":{"start":{"line":33,"column":8},"end":{"line":34,"column":16}},"type":"if","locations":[{"start":{"line":33,"column":8},"end":{"line":34,"column":16}},{"start":{"line":33,"column":8},"end":{"line":34,"column":16}}]},"6":{"loc":{"start":{"line":33,"column":12},"end":{"line":33,"column":42}},"type":"binary-expr","locations":[{"start":{"line":33,"column":12},"end":{"line":33,"column":42}},{"start":{"line":33,"column":42},"end":{"line":33,"column":null}}]},"7":{"loc":{"start":{"line":40,"column":35},"end":{"line":40,"column":48}},"type":"cond-expr","locations":[{"start":{"line":40,"column":35},"end":{"line":40,"column":48}},{"start":{"line":40,"column":48},"end":{"line":40,"column":null}}]},"8":{"loc":{"start":{"line":71,"column":4},"end":{"line":74,"column":null}},"type":"if","locations":[{"start":{"line":71,"column":4},"end":{"line":74,"column":null}},{"start":{"line":71,"column":4},"end":{"line":74,"column":null}}]},"9":{"loc":{"start":{"line":79,"column":4},"end":{"line":80,"column":11}},"type":"if","locations":[{"start":{"line":79,"column":4},"end":{"line":80,"column":11}},{"start":{"line":79,"column":4},"end":{"line":80,"column":11}}]},"10":{"loc":{"start":{"line":95,"column":84},"end":{"line":95,"column":85}},"type":"default-arg","locations":[{"start":{"line":95,"column":84},"end":{"line":95,"column":85}}]},"11":{"loc":{"start":{"line":96,"column":4},"end":{"line":96,"column":33}},"type":"if","locations":[{"start":{"line":96,"column":4},"end":{"line":96,"column":33}},{"start":{"line":96,"column":4},"end":{"line":96,"column":33}}]},"12":{"loc":{"start":{"line":98,"column":4},"end":{"line":103,"column":null}},"type":"if","locations":[{"start":{"line":98,"column":4},"end":{"line":103,"column":null}},{"start":{"line":98,"column":4},"end":{"line":103,"column":null}}]},"13":{"loc":{"start":{"line":98,"column":8},"end":{"line":98,"column":17}},"type":"binary-expr","locations":[{"start":{"line":98,"column":8},"end":{"line":98,"column":17}},{"start":{"line":98,"column":21},"end":{"line":98,"column":63}}]},"14":{"loc":{"start":{"line":99,"column":6},"end":{"line":102,"column":15}},"type":"if","locations":[{"start":{"line":99,"column":6},"end":{"line":102,"column":15}},{"start":{"line":99,"column":6},"end":{"line":102,"column":15}}]},"15":{"loc":{"start":{"line":107,"column":29},"end":{"line":107,"column":31}},"type":"default-arg","locations":[{"start":{"line":107,"column":29},"end":{"line":107,"column":31}}]},"16":{"loc":{"start":{"line":109,"column":33},"end":{"line":109,"column":46}},"type":"cond-expr","locations":[{"start":{"line":109,"column":33},"end":{"line":109,"column":46}},{"start":{"line":109,"column":46},"end":{"line":109,"column":null}}]}},"s":{"0":2,"1":27,"2":27,"3":22,"4":60,"5":57,"6":55,"7":55,"8":22,"9":1,"10":21,"11":21,"12":21,"13":54,"14":54,"15":54,"16":2,"17":4,"18":5,"19":44,"20":45,"21":6,"22":7,"23":3,"24":2,"25":2,"26":1,"27":3,"28":3,"29":3,"30":1,"31":1,"32":25,"33":2,"34":23,"35":23,"36":21,"37":11,"38":10,"39":2,"40":15,"41":13,"42":13,"43":1,"44":6},"f":{"0":27,"1":22,"2":60,"3":57,"4":4,"5":5,"6":44,"7":45,"8":6,"9":7,"10":3,"11":3,"12":1,"13":25,"14":15,"15":1,"16":6},"b":{"0":[16,11],"1":[16,0],"2":[60,15,15],"3":[55,2],"4":[22,33],"5":[1,21],"6":[22,10],"7":[21,33],"8":[2,1],"9":[3,0],"10":[15],"11":[2,23],"12":[21,2],"13":[23,22],"14":[11,10],"15":[1],"16":[11,2]}}
,"/Users/huba/repos/vue-expression-builder/src/core/ExpressionNodes.ts": {"path":"/Users/huba/repos/vue-expression-builder/src/core/ExpressionNodes.ts","statementMap":{"0":{"start":{"line":1,"column":0},"end":{"line":1,"column":null}},"1":{"start":{"line":10,"column":31},"end":{"line":10,"column":null}},"2":{"start":{"line":15,"column":36},"end":{"line":15,"column":42}},"3":{"start":{"line":19,"column":10},"end":{"line":19,"column":36}},"4":{"start":{"line":23,"column":4},"end":{"line":23,"column":9}},"5":{"start":{"line":24,"column":4},"end":{"line":24,"column":9}},"6":{"start":{"line":28,"column":4},"end":{"line":28,"column":11}},"7":{"start":{"line":32,"column":4},"end":{"line":35,"column":12}},"8":{"start":{"line":33,"column":6},"end":{"line":33,"column":11}},"9":{"start":{"line":34,"column":9},"end":{"line":35,"column":12}},"10":{"start":{"line":35,"column":6},"end":{"line":35,"column":12}},"11":{"start":{"line":39,"column":4},"end":{"line":42,"column":12}},"12":{"start":{"line":40,"column":6},"end":{"line":40,"column":11}},"13":{"start":{"line":42,"column":6},"end":{"line":42,"column":12}},"14":{"start":{"line":46,"column":4},"end":{"line":46,"column":11}},"15":{"start":{"line":54,"column":25},"end":{"line":54,"column":32}},"16":{"start":{"line":54,"column":32},"end":{"line":54,"column":33}},"17":{"start":{"line":66,"column":4},"end":{"line":66,"column":10}},"18":{"start":{"line":61,"column":10},"end":{"line":61,"column":35}},"19":{"start":{"line":69,"column":4},"end":{"line":69,"column":9}},"20":{"start":{"line":73,"column":4},"end":{"line":73,"column":11}},"21":{"start":{"line":77,"column":4},"end":{"line":78,"column":15}},"22":{"start":{"line":77,"column":33},"end":{"line":77,"column":38}},"23":{"start":{"line":78,"column":9},"end":{"line":78,"column":15}},"24":{"start":{"line":85,"column":4},"end":{"line":85,"column":11}},"25":{"start":{"line":97,"column":4},"end":{"line":97,"column":11}},"26":{"start":{"line":104,"column":20},"end":{"line":104,"column":27}},"27":{"start":{"line":104,"column":27},"end":{"line":104,"column":28}},"28":{"start":{"line":114,"column":4},"end":{"line":114,"column":10}},"29":{"start":{"line":107,"column":10},"end":{"line":107,"column":41}},"30":{"start":{"line":108,"column":10},"end":{"line":108,"column":30}},"31":{"start":{"line":109,"column":10},"end":{"line":109,"column":34}},"32":{"start":{"line":115,"column":4},"end":{"line":115,"column":8}},"33":{"start":{"line":116,"column":4},"end":{"line":116,"column":9}},"34":{"start":{"line":117,"column":4},"end":{"line":117,"column":9}},"35":{"start":{"line":118,"column":4},"end":{"line":118,"column":9}},"36":{"start":{"line":122,"column":4},"end":{"line":122,"column":9}},"37":{"start":{"line":123,"column":6},"end":{"line":127,"column":17}},"38":{"start":{"line":124,"column":8},"end":{"line":124,"column":12}},"39":{"start":{"line":125,"column":8},"end":{"line":125,"column":15}},"40":{"start":{"line":127,"column":11},"end":{"line":127,"column":17}},"41":{"start":{"line":132,"column":4},"end":{"line":132,"column":11}},"42":{"start":{"line":136,"column":4},"end":{"line":139,"column":12}},"43":{"start":{"line":137,"column":6},"end":{"line":137,"column":11}},"44":{"start":{"line":139,"column":6},"end":{"line":139,"column":12}},"45":{"start":{"line":143,"column":4},"end":{"line":143,"column":11}},"46":{"start":{"line":151,"column":4},"end":{"line":154,"column":12}},"47":{"start":{"line":152,"column":6},"end":{"line":152,"column":11}},"48":{"start":{"line":154,"column":6},"end":{"line":154,"column":12}},"49":{"start":{"line":158,"column":4},"end":{"line":158,"column":11}},"50":{"start":{"line":166,"column":4},"end":{"line":166,"column":11}},"51":{"start":{"line":168,"column":40},"end":{"line":168,"column":41}},"52":{"start":{"line":173,"column":4},"end":{"line":173,"column":11}},"53":{"start":{"line":179,"column":21},"end":{"line":183,"column":30}},"54":{"start":{"line":185,"column":21},"end":{"line":185,"column":25}},"55":{"start":{"line":186,"column":4},"end":{"line":186,"column":12}},"56":{"start":{"line":186,"column":52},"end":{"line":188,"column":22}},"57":{"start":{"line":189,"column":4},"end":{"line":189,"column":11}},"58":{"start":{"line":201,"column":37},"end":{"line":201,"column":null}},"59":{"start":{"line":202,"column":45},"end":{"line":202,"column":null}},"60":{"start":{"line":203,"column":4},"end":{"line":203,"column":9}},"61":{"start":{"line":204,"column":6},"end":{"line":229,"column":19}},"62":{"start":{"line":205,"column":8},"end":{"line":209,"column":27}},"63":{"start":{"line":206,"column":10},"end":{"line":207,"column":25}},"64":{"start":{"line":207,"column":12},"end":{"line":207,"column":25}},"65":{"start":{"line":208,"column":10},"end":{"line":208,"column":22}},"66":{"start":{"line":209,"column":15},"end":{"line":209,"column":27}},"67":{"start":{"line":210,"column":13},"end":{"line":229,"column":19}},"68":{"start":{"line":211,"column":8},"end":{"line":228,"column":null}},"69":{"start":{"line":212,"column":10},"end":{"line":215,"column":null}},"70":{"start":{"line":213,"column":12},"end":{"line":213,"column":25}},"71":{"start":{"line":214,"column":12},"end":{"line":214,"column":24}},"72":{"start":{"line":216,"column":10},"end":{"line":227,"column":25}},"73":{"start":{"line":217,"column":58},"end":{"line":217,"column":null}},"74":{"start":{"line":218,"column":12},"end":{"line":218,"column":13}},"75":{"start":{"line":219,"column":14},"end":{"line":223,"column":35}},"76":{"start":{"line":220,"column":16},"end":{"line":220,"column":29}},"77":{"start":{"line":221,"column":18},"end":{"line":221,"column":34}},"78":{"start":{"line":223,"column":19},"end":{"line":223,"column":35}},"79":{"start":{"line":225,"column":12},"end":{"line":225,"column":25}},"80":{"start":{"line":227,"column":12},"end":{"line":227,"column":25}},"81":{"start":{"line":229,"column":13},"end":{"line":229,"column":19}},"82":{"start":{"line":231,"column":4},"end":{"line":232,"column":19}},"83":{"start":{"line":232,"column":6},"end":{"line":232,"column":19}},"84":{"start":{"line":233,"column":4},"end":{"line":233,"column":11}}},"fnMap":{"0":{"name":"(anonymous_0)","decl":{"start":{"line":22,"column":2},"end":{"line":22,"column":14}},"loc":{"start":{"line":22,"column":92},"end":{"line":25,"column":null}}},"1":{"name":"(anonymous_1)","decl":{"start":{"line":27,"column":2},"end":{"line":27,"column":6}},"loc":{"start":{"line":27,"column":16},"end":{"line":29,"column":null}}},"2":{"name":"(anonymous_2)","decl":{"start":{"line":31,"column":2},"end":{"line":31,"column":6}},"loc":{"start":{"line":31,"column":53},"end":{"line":36,"column":null}}},"3":{"name":"(anonymous_3)","decl":{"start":{"line":38,"column":2},"end":{"line":38,"column":6}},"loc":{"start":{"line":38,"column":34},"end":{"line":43,"column":null}}},"4":{"name":"(anonymous_4)","decl":{"start":{"line":45,"column":2},"end":{"line":45,"column":6}},"loc":{"start":{"line":45,"column":20},"end":{"line":47,"column":null}}},"5":{"name":"(anonymous_5)","decl":{"start":{"line":54,"column":25},"end":{"line":54,"column":32}},"loc":{"start":{"line":54,"column":32},"end":{"line":54,"column":33}}},"6":{"name":"(anonymous_6)","decl":{"start":{"line":63,"column":2},"end":{"line":63,"column":14}},"loc":{"start":{"line":65,"column":46},"end":{"line":70,"column":null}}},"7":{"name":"(anonymous_7)","decl":{"start":{"line":72,"column":2},"end":{"line":72,"column":6}},"loc":{"start":{"line":72,"column":15},"end":{"line":74,"column":null}}},"8":{"name":"(anonymous_8)","decl":{"start":{"line":76,"column":2},"end":{"line":76,"column":6}},"loc":{"start":{"line":76,"column":25},"end":{"line":79,"column":null}}},"9":{"name":"(anonymous_9)","decl":{"start":{"line":84,"column":2},"end":{"line":84,"column":8}},"loc":{"start":{"line":84,"column":8},"end":{"line":89,"column":null}}},"10":{"name":"(anonymous_10)","decl":{"start":{"line":96,"column":2},"end":{"line":96,"column":9}},"loc":{"start":{"line":96,"column":77},"end":{"line":98,"column":null}}},"11":{"name":"(anonymous_11)","decl":{"start":{"line":104,"column":20},"end":{"line":104,"column":27}},"loc":{"start":{"line":104,"column":27},"end":{"line":104,"column":28}}},"12":{"name":"(anonymous_12)","decl":{"start":{"line":111,"column":2},"end":{"line":111,"column":14}},"loc":{"start":{"line":113,"column":46},"end":{"line":119,"column":null}}},"13":{"name":"(anonymous_13)","decl":{"start":{"line":121,"column":2},"end":{"line":121,"column":6}},"loc":{"start":{"line":121,"column":39},"end":{"line":129,"column":null}}},"14":{"name":"(anonymous_14)","decl":{"start":{"line":122,"column":31},"end":{"line":122,"column":35}},"loc":{"start":{"line":122,"column":38},"end":{"line":128,"column":null}}},"15":{"name":"(anonymous_15)","decl":{"start":{"line":131,"column":2},"end":{"line":131,"column":6}},"loc":{"start":{"line":131,"column":14},"end":{"line":133,"column":null}}},"16":{"name":"(anonymous_16)","decl":{"start":{"line":135,"column":2},"end":{"line":135,"column":6}},"loc":{"start":{"line":135,"column":28},"end":{"line":140,"column":null}}},"17":{"name":"(anonymous_17)","decl":{"start":{"line":142,"column":2},"end":{"line":142,"column":6}},"loc":{"start":{"line":142,"column":14},"end":{"line":144,"column":null}}},"18":{"name":"(anonymous_18)","decl":{"start":{"line":150,"column":2},"end":{"line":150,"column":6}},"loc":{"start":{"line":150,"column":32},"end":{"line":155,"column":null}}},"19":{"name":"(anonymous_19)","decl":{"start":{"line":157,"column":2},"end":{"line":157,"column":6}},"loc":{"start":{"line":157,"column":18},"end":{"line":159,"column":null}}},"20":{"name":"(anonymous_20)","decl":{"start":{"line":165,"column":2},"end":{"line":165,"column":8}},"loc":{"start":{"line":165,"column":27},"end":{"line":170,"column":null}}},"21":{"name":"(anonymous_21)","decl":{"start":{"line":168,"column":35},"end":{"line":168,"column":36}},"loc":{"start":{"line":168,"column":40},"end":{"line":168,"column":41}}},"22":{"name":"(anonymous_22)","decl":{"start":{"line":172,"column":2},"end":{"line":172,"column":9}},"loc":{"start":{"line":172,"column":38},"end":{"line":174,"column":null}}},"23":{"name":"(anonymous_23)","decl":{"start":{"line":176,"column":2},"end":{"line":176,"column":9}},"loc":{"start":{"line":178,"column":34},"end":{"line":190,"column":null}}},"24":{"name":"(anonymous_24)","decl":{"start":{"line":186,"column":42},"end":{"line":186,"column":47}},"loc":{"start":{"line":186,"column":52},"end":{"line":188,"column":22}}},"25":{"name":"(anonymous_25)","decl":{"start":{"line":200,"column":2},"end":{"line":200,"column":9}},"loc":{"start":{"line":200,"column":9},"end":{"line":234,"column":null}}},"26":{"name":"(anonymous_26)","decl":{"start":{"line":203,"column":26},"end":{"line":203,"column":27}},"loc":{"start":{"line":203,"column":30},"end":{"line":230,"column":null}}},"27":{"name":"(anonymous_27)","decl":{"start":{"line":218,"column":33},"end":{"line":218,"column":38}},"loc":{"start":{"line":218,"column":38},"end":{"line":224,"column":null}}},"28":{"name":"(anonymous_28)","decl":{"start":{"line":220,"column":38},"end":{"line":220,"column":41}},"loc":{"start":{"line":220,"column":44},"end":{"line":222,"column":null}}}},"branchMap":{"0":{"loc":{"start":{"line":22,"column":39},"end":{"line":22,"column":60}},"type":"default-arg","locations":[{"start":{"line":22,"column":39},"end":{"line":22,"column":60}}]},"1":{"loc":{"start":{"line":32,"column":4},"end":{"line":35,"column":12}},"type":"if","locations":[{"start":{"line":32,"column":4},"end":{"line":35,"column":12}},{"start":{"line":32,"column":4},"end":{"line":35,"column":12}}]},"2":{"loc":{"start":{"line":34,"column":9},"end":{"line":35,"column":12}},"type":"if","locations":[{"start":{"line":34,"column":9},"end":{"line":35,"column":12}},{"start":{"line":34,"column":9},"end":{"line":35,"column":12}}]},"3":{"loc":{"start":{"line":39,"column":4},"end":{"line":42,"column":12}},"type":"if","locations":[{"start":{"line":39,"column":4},"end":{"line":42,"column":12}},{"start":{"line":39,"column":4},"end":{"line":42,"column":12}}]},"4":{"loc":{"start":{"line":63,"column":38},"end":{"line":63,"column":null}},"type":"default-arg","locations":[{"start":{"line":63,"column":38},"end":{"line":63,"column":null}}]},"5":{"loc":{"start":{"line":77,"column":4},"end":{"line":78,"column":15}},"type":"if","locations":[{"start":{"line":77,"column":4},"end":{"line":78,"column":15}},{"start":{"line":77,"column":4},"end":{"line":78,"column":15}}]},"6":{"loc":{"start":{"line":111,"column":47},"end":{"line":111,"column":null}},"type":"default-arg","locations":[{"start":{"line":111,"column":47},"end":{"line":111,"column":null}}]},"7":{"loc":{"start":{"line":123,"column":6},"end":{"line":127,"column":17}},"type":"if","locations":[{"start":{"line":123,"column":6},"end":{"line":127,"column":17}},{"start":{"line":123,"column":6},"end":{"line":127,"column":17}}]},"8":{"loc":{"start":{"line":136,"column":4},"end":{"line":139,"column":12}},"type":"if","locations":[{"start":{"line":136,"column":4},"end":{"line":139,"column":12}},{"start":{"line":136,"column":4},"end":{"line":139,"column":12}}]},"9":{"loc":{"start":{"line":136,"column":8},"end":{"line":136,"column":28}},"type":"binary-expr","locations":[{"start":{"line":136,"column":8},"end":{"line":136,"column":28}},{"start":{"line":136,"column":28},"end":{"line":136,"column":null}}]},"10":{"loc":{"start":{"line":151,"column":4},"end":{"line":154,"column":12}},"type":"if","locations":[{"start":{"line":151,"column":4},"end":{"line":154,"column":12}},{"start":{"line":151,"column":4},"end":{"line":154,"column":12}}]},"11":{"loc":{"start":{"line":151,"column":8},"end":{"line":151,"column":28}},"type":"binary-expr","locations":[{"start":{"line":151,"column":8},"end":{"line":151,"column":28}},{"start":{"line":151,"column":28},"end":{"line":151,"column":42}},{"start":{"line":151,"column":42},"end":{"line":151,"column":61}},{"start":{"line":151,"column":61},"end":{"line":151,"column":null}}]},"12":{"loc":{"start":{"line":165,"column":23},"end":{"line":165,"column":27}},"type":"default-arg","locations":[{"start":{"line":165,"column":23},"end":{"line":165,"column":27}}]},"13":{"loc":{"start":{"line":166,"column":40},"end":{"line":166,"column":41}},"type":"cond-expr","locations":[{"start":{"line":166,"column":40},"end":{"line":166,"column":41}},{"start":{"line":166,"column":69},"end":{"line":166,"column":74}}]},"14":{"loc":{"start":{"line":178,"column":33},"end":{"line":178,"column":34}},"type":"default-arg","locations":[{"start":{"line":178,"column":33},"end":{"line":178,"column":34}}]},"15":{"loc":{"start":{"line":180,"column":8},"end":{"line":182,"column":21}},"type":"cond-expr","locations":[{"start":{"line":180,"column":8},"end":{"line":182,"column":21}},{"start":{"line":183,"column":8},"end":{"line":183,"column":30}}]},"16":{"loc":{"start":{"line":181,"column":10},"end":{"line":181,"column":25}},"type":"cond-expr","locations":[{"start":{"line":181,"column":10},"end":{"line":181,"column":25}},{"start":{"line":182,"column":10},"end":{"line":182,"column":21}}]},"17":{"loc":{"start":{"line":187,"column":8},"end":{"line":187,"column":27}},"type":"cond-expr","locations":[{"start":{"line":187,"column":8},"end":{"line":187,"column":27}},{"start":{"line":188,"column":8},"end":{"line":188,"column":22}}]},"18":{"loc":{"start":{"line":204,"column":6},"end":{"line":229,"column":19}},"type":"if","locations":[{"start":{"line":204,"column":6},"end":{"line":229,"column":19}},{"start":{"line":204,"column":6},"end":{"line":229,"column":19}}]},"19":{"loc":{"start":{"line":205,"column":8},"end":{"line":209,"column":27}},"type":"if","locations":[{"start":{"line":205,"column":8},"end":{"line":209,"column":27}},{"start":{"line":205,"column":8},"end":{"line":209,"column":27}}]},"20":{"loc":{"start":{"line":206,"column":10},"end":{"line":207,"column":25}},"type":"if","locations":[{"start":{"line":206,"column":10},"end":{"line":207,"column":25}},{"start":{"line":206,"column":10},"end":{"line":207,"column":25}}]},"21":{"loc":{"start":{"line":210,"column":13},"end":{"line":229,"column":19}},"type":"if","locations":[{"start":{"line":210,"column":13},"end":{"line":229,"column":19}},{"start":{"line":210,"column":13},"end":{"line":229,"column":19}}]},"22":{"loc":{"start":{"line":211,"column":8},"end":{"line":228,"column":null}},"type":"if","locations":[{"start":{"line":211,"column":8},"end":{"line":228,"column":null}},{"start":{"line":211,"column":8},"end":{"line":228,"column":null}}]},"23":{"loc":{"start":{"line":212,"column":10},"end":{"line":215,"column":null}},"type":"if","locations":[{"start":{"line":212,"column":10},"end":{"line":215,"column":null}},{"start":{"line":212,"column":10},"end":{"line":215,"column":null}}]},"24":{"loc":{"start":{"line":216,"column":10},"end":{"line":227,"column":25}},"type":"if","locations":[{"start":{"line":216,"column":10},"end":{"line":227,"column":25}},{"start":{"line":216,"column":10},"end":{"line":227,"column":25}}]},"25":{"loc":{"start":{"line":219,"column":14},"end":{"line":223,"column":35}},"type":"if","locations":[{"start":{"line":219,"column":14},"end":{"line":223,"column":35}},{"start":{"line":219,"column":14},"end":{"line":223,"column":35}}]},"26":{"loc":{"start":{"line":231,"column":4},"end":{"line":232,"column":19}},"type":"if","locations":[{"start":{"line":231,"column":4},"end":{"line":232,"column":19}},{"start":{"line":231,"column":4},"end":{"line":232,"column":19}}]}},"s":{"0":3,"1":3,"2":3,"3":179,"4":179,"5":179,"6":510,"7":309,"8":205,"9":104,"10":0,"11":179,"12":179,"13":0,"14":97,"15":3,"16":90,"17":88,"18":88,"19":88,"20":60,"21":88,"22":88,"23":0,"24":25,"25":53,"26":3,"27":131,"28":91,"29":91,"30":91,"31":91,"32":91,"33":91,"34":91,"35":91,"36":142,"37":75,"38":75,"39":75,"40":0,"41":222,"42":113,"43":112,"44":1,"45":131,"46":113,"47":112,"48":1,"49":80,"50":25,"51":36,"52":91,"53":51,"54":51,"55":51,"56":75,"57":51,"58":13,"59":13,"60":13,"61":29,"62":22,"63":8,"64":6,"65":8,"66":14,"67":7,"68":7,"69":7,"70":3,"71":3,"72":7,"73":6,"74":6,"75":13,"76":10,"77":12,"78":3,"79":6,"80":1,"81":0,"82":13,"83":8,"84":13},"f":{"0":179,"1":510,"2":309,"3":179,"4":97,"5":90,"6":88,"7":60,"8":88,"9":25,"10":53,"11":131,"12":91,"13":142,"14":75,"15":222,"16":113,"17":131,"18":113,"19":80,"20":25,"21":36,"22":91,"23":51,"24":75,"25":13,"26":29,"27":13,"28":12},"b":{"0":[52],"1":[205,104],"2":[0,104],"3":[179,0],"4":[2],"5":[88,0],"6":[40],"7":[75,0],"8":[112,1],"9":[113,47],"10":[112,1],"11":[113,66,47,47],"12":[11],"13":[11,14],"14":[26],"15":[26,25],"16":[26,0],"17":[25,50],"18":[22,7],"19":[8,14],"20":[6,2],"21":[7,0],"22":[7,0],"23":[3,4],"24":[6,1],"25":[10,3],"26":[8,5]}}
,"/Users/huba/repos/vue-expression-builder/src/core/Interfaces.ts": {"path":"/Users/huba/repos/vue-expression-builder/src/core/Interfaces.ts","statementMap":{"0":{"start":{"line":19,"column":4},"end":{"line":19,"column":11}},"1":{"start":{"line":31,"column":4},"end":{"line":31,"column":11}}},"fnMap":{"0":{"name":"isIExpressionNode","decl":{"start":{"line":18,"column":16},"end":{"line":18,"column":34}},"loc":{"start":{"line":18,"column":45},"end":{"line":20,"column":null}}},"1":{"name":"isICondition","decl":{"start":{"line":30,"column":16},"end":{"line":30,"column":29}},"loc":{"start":{"line":30,"column":40},"end":{"line":32,"column":null}}}},"branchMap":{"0":{"loc":{"start":{"line":19,"column":11},"end":{"line":19,"column":30}},"type":"binary-expr","locations":[{"start":{"line":19,"column":11},"end":{"line":19,"column":30}},{"start":{"line":19,"column":30},"end":{"line":19,"column":null}}]},"1":{"loc":{"start":{"line":31,"column":11},"end":{"line":31,"column":28}},"type":"binary-expr","locations":[{"start":{"line":31,"column":11},"end":{"line":31,"column":28}},{"start":{"line":31,"column":28},"end":{"line":31,"column":null}}]}},"s":{"0":75,"1":88},"f":{"0":75,"1":88},"b":{"0":[75,75],"1":[88,88]}}
,"/Users/huba/repos/vue-expression-builder/tests/utils.ts": {"path":"/Users/huba/repos/vue-expression-builder/tests/utils.ts","statementMap":{"0":{"start":{"line":3,"column":50},"end":{"line":3,"column":null}}},"fnMap":{},"branchMap":{},"s":{"0":3},"f":{},"b":{}}
}
