TN:
SF:/Users/huba/repos/vue-expression-builder/src/components/ExpressionBuilderRenderless.ts
FN:13,(anonymous_0)
FN:28,(anonymous_1)
FN:32,(anonymous_2)
FN:56,(anonymous_3)
FN:60,(anonymous_4)
FN:17,(anonymous_5)
FNF:6
FNH:6
FNDA:10,(anonymous_0)
FNDA:10,(anonymous_1)
FNDA:7,(anonymous_2)
FNDA:10,(anonymous_3)
FNDA:9,(anonymous_4)
FNDA:10,(anonymous_5)
DA:1,2
DA:2,2
DA:3,2
DA:5,2
DA:7,2
DA:9,2
DA:10,2
DA:13,4
DA:14,2
DA:17,10
DA:18,2
DA:20,2
DA:21,2
DA:23,12
DA:29,10
DA:33,7
DA:34,7
DA:36,7
DA:38,2
DA:39,2
DA:41,2
DA:42,2
DA:44,2
DA:45,2
DA:47,1
DA:48,1
DA:51,7
DA:53,7
DA:57,10
DA:61,9
LF:30
LH:30
BRDA:37,0,0,2
BRDA:37,0,1,2
BRDA:37,0,2,2
BRDA:37,0,3,1
BRF:4
BRH:4
end_of_record
TN:
SF:/Users/huba/repos/vue-expression-builder/src/components/ExpressionNodeBase.ts
FN:11,(anonymous_0)
FN:25,(anonymous_1)
FN:32,(anonymous_2)
FN:36,(anonymous_3)
FNF:4
FNH:4
FNDA:32,(anonymous_0)
FNDA:14,(anonymous_1)
FNDA:2,(anonymous_2)
FNDA:15,(anonymous_3)
DA:1,2
DA:3,2
DA:5,2
DA:11,2
DA:12,32
DA:13,14
DA:15,18
DA:19,4
DA:20,2
DA:22,2
DA:23,2
DA:26,14
DA:27,14
DA:28,4
DA:29,14
DA:33,2
DA:37,15
LF:17
LH:17
BRDA:12,0,0,14
BRDA:12,0,1,18
BRDA:25,1,0,4
BRDA:27,2,0,4
BRDA:27,2,1,10
BRDA:38,3,0,14
BRDA:38,3,1,1
BRF:7
BRH:7
end_of_record
TN:
SF:/Users/huba/repos/vue-expression-builder/src/components/ExpressionNodeGroupRenderless.ts
FN:12,(anonymous_0)
FN:16,(anonymous_1)
FN:20,(anonymous_2)
FN:24,(anonymous_3)
FN:28,(anonymous_4)
FN:37,(anonymous_5)
FNF:6
FNH:6
FNDA:4,(anonymous_0)
FNDA:4,(anonymous_1)
FNDA:1,(anonymous_2)
FNDA:3,(anonymous_3)
FNDA:2,(anonymous_4)
FNDA:11,(anonymous_5)
DA:1,2
DA:2,2
DA:3,2
DA:5,2
DA:6,2
DA:9,4
DA:10,2
DA:13,4
DA:17,4
DA:21,1
DA:25,3
DA:29,2
DA:30,2
DA:31,0
DA:33,2
DA:34,2
DA:38,11
LF:17
LH:16
BRDA:30,0,0,0
BRDA:30,0,1,2
BRF:2
BRH:1
end_of_record
TN:
SF:/Users/huba/repos/vue-expression-builder/src/components/ExpressionNodeRenderless.ts
FN:10,(anonymous_0)
FN:14,(anonymous_1)
FNF:2
FNH:2
FNDA:2,(anonymous_0)
FNDA:4,(anonymous_1)
DA:1,2
DA:2,2
DA:3,2
DA:7,4
DA:8,2
DA:11,2
DA:15,4
LF:7
LH:7
BRF:0
BRH:0
end_of_record
TN:
SF:/Users/huba/repos/vue-expression-builder/src/components/Utils.ts
FNF:0
FNH:0
DA:9,2
LF:1
LH:1
BRF:0
BRH:0
end_of_record
TN:
SF:/Users/huba/repos/vue-expression-builder/src/conditions/ConditionProvider.ts
FN:14,(anonymous_0)
FN:22,(anonymous_1)
FN:26,(anonymous_2)
FN:30,(anonymous_3)
FN:33,(anonymous_4)
FN:35,(anonymous_5)
FN:48,(anonymous_6)
FN:50,(anonymous_7)
FN:51,(anonymous_8)
FN:62,(anonymous_9)
FN:72,(anonymous_10)
FNF:11
FNH:7
FNDA:17,(anonymous_0)
FNDA:2,(anonymous_1)
FNDA:2,(anonymous_2)
FNDA:0,(anonymous_3)
FNDA:0,(anonymous_4)
FNDA:0,(anonymous_5)
FNDA:17,(anonymous_6)
FNDA:272,(anonymous_7)
FNDA:17,(anonymous_8)
FNDA:0,(anonymous_9)
FNDA:272,(anonymous_10)
DA:7,2
DA:11,17
DA:12,17
DA:15,17
DA:16,0
DA:17,17
DA:18,0
DA:19,17
DA:23,2
DA:27,2
DA:33,0
DA:34,0
DA:35,0
DA:36,0
DA:37,0
DA:45,0
DA:49,17
DA:50,272
DA:51,17
DA:52,17
DA:61,17
DA:62,0
DA:63,0
DA:64,0
DA:66,0
DA:71,17
DA:72,17
DA:73,272
DA:74,17
DA:75,0
DA:78,17
LF:31
LH:18
BRDA:15,0,0,0
BRDA:15,0,1,17
BRDA:17,1,0,0
BRDA:17,1,1,17
BRDA:30,2,0,0
BRDA:31,3,0,0
BRDA:32,4,0,0
BRDA:34,5,0,0
BRDA:34,5,1,0
BRDA:36,6,0,0
BRDA:36,6,1,0
BRDA:61,7,0,0
BRDA:61,7,1,17
BRDA:63,8,0,0
BRDA:63,8,1,0
BRDA:71,9,0,17
BRDA:71,9,1,0
BRDA:71,10,0,17
BRDA:71,10,1,0
BRDA:73,11,0,272
BRDA:73,11,1,272
BRDA:74,12,0,0
BRDA:74,12,1,17
BRF:23
BRH:8
end_of_record
TN:
SF:/Users/huba/repos/vue-expression-builder/src/conditions/Defaults.ts
FN:70,(anonymous_0)
FN:70,(anonymous_1)
FNF:2
FNH:2
FNDA:34,(anonymous_0)
FNDA:544,(anonymous_1)
DA:3,3
DA:10,3
DA:29,3
DA:70,544
LF:4
LH:4
BRF:0
BRH:0
end_of_record
TN:
SF:/Users/huba/repos/vue-expression-builder/src/core/Errors.ts
FN:13,(anonymous_0)
FN:14,(anonymous_1)
FN:15,(anonymous_2)
FN:16,(anonymous_3)
FN:20,(anonymous_4)
FNF:5
FNH:0
FNDA:0,(anonymous_0)
FNDA:0,(anonymous_1)
FNDA:0,(anonymous_2)
FNDA:0,(anonymous_3)
FNDA:0,(anonymous_4)
DA:1,3
DA:12,3
DA:13,0
DA:14,0
DA:15,0
DA:16,0
DA:20,3
DA:21,0
DA:22,0
DA:23,0
DA:24,0
DA:27,3
LF:12
LH:4
BRDA:22,0,0,0
BRDA:22,0,1,0
BRF:2
BRH:0
end_of_record
TN:
SF:/Users/huba/repos/vue-expression-builder/src/core/ExpressionBuilder.ts
FN:10,(anonymous_0)
FN:20,(anonymous_1)
FN:24,(anonymous_2)
FN:29,(anonymous_3)
FN:52,(anonymous_4)
FN:56,(anonymous_5)
FN:60,(anonymous_6)
FN:64,(anonymous_7)
FN:68,(anonymous_8)
FN:72,(anonymous_9)
FN:76,(anonymous_10)
FN:83,(anonymous_11)
FN:89,(anonymous_12)
FN:100,(anonymous_13)
FN:113,(anonymous_14)
FN:118,(anonymous_15)
FN:122,(anonymous_16)
FNF:17
FNH:17
FNDA:26,(anonymous_0)
FNDA:66,(anonymous_1)
FNDA:56,(anonymous_2)
FNDA:56,(anonymous_3)
FNDA:4,(anonymous_4)
FNDA:5,(anonymous_5)
FNDA:45,(anonymous_6)
FNDA:46,(anonymous_7)
FNDA:4,(anonymous_8)
FNDA:5,(anonymous_9)
FNDA:3,(anonymous_10)
FNDA:3,(anonymous_11)
FNDA:9,(anonymous_12)
FNDA:18,(anonymous_13)
FNDA:10,(anonymous_14)
FNDA:1,(anonymous_15)
FNDA:6,(anonymous_16)
DA:2,3
DA:3,3
DA:11,26
DA:16,26
DA:17,26
DA:21,66
DA:25,56
DA:32,56
DA:33,54
DA:35,54
DA:36,23
DA:37,1
DA:38,1
DA:40,22
DA:41,22
DA:42,22
DA:44,53
DA:45,53
DA:46,53
DA:48,2
DA:49,2
DA:53,4
DA:57,5
DA:61,45
DA:65,46
DA:69,4
DA:73,5
DA:77,3
DA:78,2
DA:79,1
DA:80,3
DA:84,3
DA:85,3
DA:86,3
DA:90,9
DA:91,9
DA:101,18
DA:102,18
DA:103,15
DA:104,7
DA:106,8
DA:108,3
DA:109,2
DA:110,3
DA:114,10
DA:115,10
DA:119,1
DA:123,6
LF:48
LH:48
BRDA:12,0,0,17
BRDA:12,0,1,9
BRDA:13,1,0,17
BRDA:13,1,1,0
BRDA:25,2,0,56
BRDA:25,2,1,10
BRDA:25,2,2,10
BRDA:32,3,0,54
BRDA:32,3,1,2
BRDA:35,4,0,23
BRDA:35,4,1,31
BRDA:36,5,0,1
BRDA:36,5,1,22
BRDA:36,6,0,23
BRDA:36,6,1,10
BRDA:45,7,0,22
BRDA:45,7,1,31
BRDA:77,8,0,2
BRDA:77,8,1,1
BRDA:77,9,0,3
BRDA:77,9,1,3
BRDA:84,10,0,3
BRDA:84,10,1,0
BRDA:100,11,0,10
BRDA:102,12,0,15
BRDA:102,12,1,3
BRDA:102,13,0,18
BRDA:102,13,1,16
BRDA:103,14,0,7
BRDA:103,14,1,8
BRDA:108,15,0,2
BRDA:108,15,1,1
BRDA:113,16,0,0
BRF:33
BRH:30
end_of_record
TN:
SF:/Users/huba/repos/vue-expression-builder/src/core/ExpressionNode.ts
FN:8,(anonymous_0)
FN:17,(anonymous_1)
FN:25,(anonymous_2)
FN:29,(anonymous_3)
FN:37,(anonymous_4)
FN:46,(anonymous_5)
FNF:6
FNH:6
FNDA:81,(anonymous_0)
FNDA:78,(anonymous_1)
FNDA:53,(anonymous_2)
FNDA:78,(anonymous_3)
FNDA:45,(anonymous_4)
FNDA:44,(anonymous_5)
DA:1,3
DA:2,3
DA:8,81
DA:15,78
DA:19,78
DA:22,78
DA:26,53
DA:30,78
DA:31,0
DA:38,45
DA:47,44
LF:11
LH:10
BRDA:17,0,0,3
BRDA:30,1,0,78
BRDA:30,1,1,0
BRF:3
BRH:2
end_of_record
TN:
SF:/Users/huba/repos/vue-expression-builder/src/core/ExpressionNodeBase.ts
FN:8,(anonymous_0)
FN:12,(anonymous_1)
FN:16,(anonymous_2)
FNF:3
FNH:3
FNDA:163,(anonymous_0)
FNDA:456,(anonymous_1)
FNDA:282,(anonymous_2)
DA:2,3
DA:9,163
DA:13,456
DA:17,282
DA:18,184
DA:19,98
DA:20,0
LF:7
LH:6
BRDA:17,0,0,184
BRDA:17,0,1,98
BRDA:19,1,0,0
BRDA:19,1,1,98
BRF:4
BRH:3
end_of_record
TN:
SF:/Users/huba/repos/vue-expression-builder/src/core/ExpressionNodeGroup.ts
FN:21,(anonymous_0)
FN:29,(anonymous_1)
FN:39,(anonymous_2)
FN:46,(anonymous_3)
FN:50,(anonymous_4)
FN:51,(anonymous_5)
FN:60,(anonymous_6)
FN:64,(anonymous_7)
FN:71,(anonymous_8)
FN:79,(anonymous_9)
FN:86,(anonymous_10)
FN:93,(anonymous_11)
FN:96,(anonymous_12)
FN:100,(anonymous_13)
FN:104,(anonymous_14)
FN:114,(anonymous_15)
FN:131,(anonymous_16)
FN:133,(anonymous_17)
FN:135,(anonymous_18)
FN:136,(anonymous_19)
FN:142,(anonymous_20)
FN:145,(anonymous_21)
FN:146,(anonymous_22)
FNF:23
FNH:23
FNDA:117,(anonymous_0)
FNDA:85,(anonymous_1)
FNDA:85,(anonymous_2)
FNDA:79,(anonymous_3)
FNDA:132,(anonymous_4)
FNDA:65,(anonymous_5)
FNDA:192,(anonymous_6)
FNDA:108,(anonymous_7)
FNDA:131,(anonymous_8)
FNDA:108,(anonymous_9)
FNDA:78,(anonymous_10)
FNDA:22,(anonymous_11)
FNDA:32,(anonymous_12)
FNDA:82,(anonymous_13)
FNDA:47,(anonymous_14)
FNDA:65,(anonymous_15)
FNDA:15,(anonymous_16)
FNDA:32,(anonymous_17)
FNDA:32,(anonymous_18)
FNDA:24,(anonymous_19)
FNDA:8,(anonymous_20)
FNDA:6,(anonymous_21)
FNDA:14,(anonymous_22)
DA:1,3
DA:8,3
DA:9,3
DA:11,3
DA:16,3
DA:21,117
DA:24,85
DA:25,85
DA:26,85
DA:27,85
DA:31,85
DA:32,85
DA:33,85
DA:34,85
DA:35,85
DA:36,85
DA:40,85
DA:41,85
DA:43,0
DA:47,79
DA:51,132
DA:52,65
DA:53,65
DA:54,65
DA:56,0
DA:61,192
DA:65,108
DA:66,107
DA:68,1
DA:72,131
DA:80,108
DA:81,107
DA:83,1
DA:87,78
DA:94,22
DA:96,32
DA:101,82
DA:107,47
DA:113,47
DA:114,65
DA:117,47
DA:132,15
DA:133,32
DA:135,32
DA:136,15
DA:137,24
DA:138,12
DA:140,12
DA:142,15
DA:143,8
DA:144,5
DA:145,5
DA:146,6
DA:147,14
DA:148,5
DA:149,3
DA:151,15
LF:57
LH:55
BRDA:29,0,0,32
BRDA:40,1,0,85
BRDA:40,1,1,0
BRDA:52,2,0,65
BRDA:52,2,1,0
BRDA:65,3,0,107
BRDA:65,3,1,1
BRDA:65,4,0,108
BRDA:65,4,1,44
BRDA:80,5,0,107
BRDA:80,5,1,1
BRDA:80,6,0,108
BRDA:80,6,1,64
BRDA:80,6,2,44
BRDA:80,6,3,44
BRDA:93,7,0,11
BRDA:94,8,0,11
BRDA:94,8,1,11
BRDA:101,9,0,82
BRDA:101,9,1,38
BRDA:106,10,0,26
BRDA:108,11,0,26
BRDA:108,11,1,21
BRDA:109,12,0,26
BRDA:109,12,1,0
BRDA:115,13,0,21
BRDA:115,13,1,44
BRDA:132,14,0,8
BRDA:132,14,1,7
BRDA:137,15,0,12
BRDA:137,15,1,12
BRDA:143,16,0,5
BRDA:143,16,1,3
BRF:33
BRH:30
end_of_record
TN:
SF:/Users/huba/repos/vue-expression-builder/src/core/Interfaces.ts
FN:17,isIExpressionNode
FN:29,isICondition
FNF:2
FNH:2
FNDA:65,isIExpressionNode
FNDA:78,isICondition
DA:18,65
DA:30,78
LF:2
LH:2
BRDA:18,0,0,65
BRDA:18,0,1,65
BRDA:30,1,0,78
BRDA:30,1,1,78
BRF:4
BRH:4
end_of_record
TN:
SF:/Users/huba/repos/vue-expression-builder/tests/utils.ts
FNF:0
FNH:0
DA:3,3
DA:5,3
DA:25,3
LF:3
LH:3
BRF:0
BRH:0
end_of_record
