TN:
SF:/Users/huba/repos/vue-expression-builder/src/components/ExpressionBuilderRenderless.ts
FN:7,(anonymous_0)
FN:13,(anonymous_1)
FN:17,(anonymous_2)
FN:41,(anonymous_3)
FN:45,(anonymous_4)
FNF:5
FNH:5
FNDA:9,(anonymous_0)
FNDA:9,(anonymous_1)
FNDA:7,(anonymous_2)
FNDA:9,(anonymous_3)
FNDA:9,(anonymous_4)
DA:1,1
DA:2,1
DA:3,1
DA:7,2
DA:8,1
DA:10,9
DA:14,9
DA:18,7
DA:19,7
DA:21,7
DA:23,2
DA:24,2
DA:26,2
DA:27,2
DA:29,2
DA:30,2
DA:32,1
DA:33,1
DA:36,7
DA:38,7
DA:42,9
DA:46,9
LF:22
LH:22
BRDA:22,0,0,2
BRDA:22,0,1,2
BRDA:22,0,2,2
BRDA:22,0,3,1
BRF:4
BRH:4
end_of_record
TN:
SF:/Users/huba/repos/vue-expression-builder/src/components/ExpressionNodeBase.ts
FN:10,(anonymous_0)
FN:22,(anonymous_1)
FN:29,(anonymous_2)
FN:38,(anonymous_3)
FN:42,(anonymous_4)
FNF:5
FNH:5
FNDA:36,(anonymous_0)
FNDA:15,(anonymous_1)
FNDA:3,(anonymous_2)
FNDA:2,(anonymous_3)
FNDA:15,(anonymous_4)
DA:1,2
DA:3,2
DA:4,2
DA:10,2
DA:11,36
DA:12,15
DA:14,21
DA:18,4
DA:19,2
DA:20,2
DA:23,15
DA:24,15
DA:25,4
DA:26,15
DA:30,3
DA:31,3
DA:32,2
DA:34,1
DA:35,3
DA:39,2
DA:43,15
DA:44,15
DA:46,0
LF:23
LH:22
BRDA:11,0,0,15
BRDA:11,0,1,21
BRDA:22,1,0,5
BRDA:24,2,0,4
BRDA:24,2,1,11
BRDA:31,3,0,2
BRDA:31,3,1,1
BRDA:43,4,0,15
BRDA:43,4,1,0
BRF:9
BRH:8
end_of_record
TN:
SF:/Users/huba/repos/vue-expression-builder/src/components/ExpressionNodeGroupRenderless.ts
FN:12,(anonymous_0)
FN:16,(anonymous_1)
FN:20,(anonymous_2)
FN:24,(anonymous_3)
FN:28,(anonymous_4)
FN:32,(anonymous_5)
FNF:6
FNH:5
FNDA:4,(anonymous_0)
FNDA:4,(anonymous_1)
FNDA:1,(anonymous_2)
FNDA:3,(anonymous_3)
FNDA:8,(anonymous_4)
FNDA:0,(anonymous_5)
DA:1,2
DA:2,2
DA:3,2
DA:5,2
DA:6,2
DA:9,4
DA:10,2
DA:13,4
DA:17,4
DA:21,1
DA:25,3
DA:29,8
DA:32,0
LF:13
LH:12
BRF:0
BRH:0
end_of_record
TN:
SF:/Users/huba/repos/vue-expression-builder/src/components/ExpressionNodeRenderless.ts
FN:10,(anonymous_0)
FN:14,(anonymous_1)
FN:18,(anonymous_2)
FNF:3
FNH:2
FNDA:2,(anonymous_0)
FNDA:7,(anonymous_1)
FNDA:0,(anonymous_2)
DA:1,2
DA:2,2
DA:3,2
DA:7,4
DA:8,2
DA:11,2
DA:15,7
DA:18,0
LF:8
LH:7
BRF:0
BRH:0
end_of_record
TN:
SF:/Users/huba/repos/vue-expression-builder/src/components/Utils.ts
FNF:0
FNH:0
DA:9,2
LF:1
LH:1
BRF:0
BRH:0
end_of_record
TN:
SF:/Users/huba/repos/vue-expression-builder/src/core/Errors.ts
FN:13,(anonymous_0)
FN:14,(anonymous_1)
FN:15,(anonymous_2)
FN:16,(anonymous_3)
FN:20,(anonymous_4)
FNF:5
FNH:2
FNDA:0,(anonymous_0)
FNDA:0,(anonymous_1)
FNDA:1,(anonymous_2)
FNDA:0,(anonymous_3)
FNDA:1,(anonymous_4)
DA:1,2
DA:12,2
DA:13,0
DA:14,0
DA:15,1
DA:16,0
DA:20,2
DA:21,1
DA:22,1
DA:23,0
DA:24,1
DA:27,2
LF:12
LH:8
BRDA:22,0,0,0
BRDA:22,0,1,1
BRF:2
BRH:1
end_of_record
TN:
SF:/Users/huba/repos/vue-expression-builder/src/core/ExpressionBuilder.ts
FN:10,(anonymous_0)
FN:20,(anonymous_1)
FN:24,(anonymous_2)
FN:29,(anonymous_3)
FN:52,(anonymous_4)
FN:56,(anonymous_5)
FN:60,(anonymous_6)
FN:64,(anonymous_7)
FN:68,(anonymous_8)
FN:72,(anonymous_9)
FN:76,(anonymous_10)
FN:83,(anonymous_11)
FN:89,(anonymous_12)
FN:100,(anonymous_13)
FN:113,(anonymous_14)
FN:118,(anonymous_15)
FN:122,(anonymous_16)
FNF:17
FNH:17
FNDA:25,(anonymous_0)
FNDA:62,(anonymous_1)
FNDA:55,(anonymous_2)
FNDA:55,(anonymous_3)
FNDA:4,(anonymous_4)
FNDA:5,(anonymous_5)
FNDA:44,(anonymous_6)
FNDA:45,(anonymous_7)
FNDA:4,(anonymous_8)
FNDA:5,(anonymous_9)
FNDA:3,(anonymous_10)
FNDA:3,(anonymous_11)
FNDA:8,(anonymous_12)
FNDA:18,(anonymous_13)
FNDA:10,(anonymous_14)
FNDA:1,(anonymous_15)
FNDA:6,(anonymous_16)
DA:2,2
DA:3,2
DA:11,25
DA:16,25
DA:17,25
DA:21,62
DA:25,55
DA:32,55
DA:33,53
DA:35,53
DA:36,21
DA:37,1
DA:38,1
DA:40,20
DA:41,20
DA:42,20
DA:44,52
DA:45,52
DA:46,52
DA:48,2
DA:49,2
DA:53,4
DA:57,5
DA:61,44
DA:65,45
DA:69,4
DA:73,5
DA:77,3
DA:78,2
DA:79,3
DA:80,3
DA:84,3
DA:85,3
DA:86,3
DA:90,8
DA:91,8
DA:101,18
DA:102,18
DA:103,16
DA:104,8
DA:106,8
DA:108,2
DA:109,2
DA:110,2
DA:114,10
DA:115,10
DA:119,1
DA:123,6
LF:48
LH:48
BRDA:12,0,0,14
BRDA:12,0,1,11
BRDA:13,1,0,14
BRDA:13,1,1,0
BRDA:25,2,0,55
BRDA:25,2,1,10
BRDA:25,2,2,10
BRDA:32,3,0,53
BRDA:32,3,1,2
BRDA:35,4,0,21
BRDA:35,4,1,32
BRDA:36,5,0,1
BRDA:36,5,1,20
BRDA:36,6,0,21
BRDA:36,6,1,9
BRDA:45,7,0,20
BRDA:45,7,1,32
BRDA:77,8,0,2
BRDA:77,8,1,1
BRDA:77,9,0,3
BRDA:77,9,1,3
BRDA:84,10,0,3
BRDA:84,10,1,0
BRDA:100,11,0,10
BRDA:102,12,0,16
BRDA:102,12,1,2
BRDA:102,13,0,18
BRDA:102,13,1,17
BRDA:103,14,0,8
BRDA:103,14,1,8
BRDA:108,15,0,2
BRDA:108,15,1,0
BRDA:113,16,0,0
BRF:33
BRH:29
end_of_record
TN:
SF:/Users/huba/repos/vue-expression-builder/src/core/ExpressionNode.ts
FN:8,(anonymous_0)
FN:17,(anonymous_1)
FN:26,(anonymous_2)
FN:30,(anonymous_3)
FN:38,(anonymous_4)
FN:50,(anonymous_5)
FNF:6
FNH:6
FNDA:82,(anonymous_0)
FNDA:79,(anonymous_1)
FNDA:57,(anonymous_2)
FNDA:79,(anonymous_3)
FNDA:22,(anonymous_4)
FNDA:45,(anonymous_5)
DA:1,3
DA:2,3
DA:8,82
DA:15,79
DA:20,79
DA:23,79
DA:27,57
DA:31,79
DA:32,0
DA:39,22
DA:51,45
LF:11
LH:10
BRDA:17,0,0,3
BRDA:31,1,0,79
BRDA:31,1,1,0
BRF:3
BRH:2
end_of_record
TN:
SF:/Users/huba/repos/vue-expression-builder/src/core/ExpressionNodeBase.ts
FN:16,(anonymous_0)
FN:21,(anonymous_1)
FN:25,(anonymous_2)
FN:32,(anonymous_3)
FN:39,(anonymous_4)
FNF:5
FNH:5
FNDA:159,(anonymous_0)
FNDA:447,(anonymous_1)
FNDA:275,(anonymous_2)
FNDA:159,(anonymous_3)
FNDA:87,(anonymous_4)
DA:2,3
DA:4,3
DA:9,3
DA:13,159
DA:17,159
DA:18,159
DA:22,447
DA:26,275
DA:27,179
DA:28,96
DA:29,0
DA:33,159
DA:34,159
DA:36,0
DA:40,87
LF:15
LH:13
BRDA:16,0,0,53
BRDA:26,1,0,179
BRDA:26,1,1,96
BRDA:28,2,0,0
BRDA:28,2,1,96
BRDA:33,3,0,159
BRDA:33,3,1,0
BRF:7
BRH:5
end_of_record
TN:
SF:/Users/huba/repos/vue-expression-builder/src/core/ExpressionNodeGroup.ts
FN:14,(anonymous_0)
FN:21,(anonymous_1)
FN:31,(anonymous_2)
FN:32,(anonymous_3)
FN:41,(anonymous_4)
FN:45,(anonymous_5)
FN:52,(anonymous_6)
FN:60,(anonymous_7)
FN:67,(anonymous_8)
FN:75,(anonymous_9)
FN:78,(anonymous_10)
FN:82,(anonymous_11)
FN:86,(anonymous_12)
FN:96,(anonymous_13)
FN:112,(anonymous_14)
FN:115,(anonymous_15)
FN:130,(anonymous_16)
FN:132,(anonymous_17)
FNF:18
FNH:18
FNDA:117,(anonymous_0)
FNDA:80,(anonymous_1)
FNDA:123,(anonymous_2)
FNDA:63,(anonymous_3)
FNDA:193,(anonymous_4)
FNDA:101,(anonymous_5)
FNDA:120,(anonymous_6)
FNDA:101,(anonymous_7)
FNDA:73,(anonymous_8)
FNDA:20,(anonymous_9)
FNDA:30,(anonymous_10)
FNDA:77,(anonymous_11)
FNDA:43,(anonymous_12)
FNDA:63,(anonymous_13)
FNDA:13,(anonymous_14)
FNDA:29,(anonymous_15)
FNDA:13,(anonymous_16)
FNDA:12,(anonymous_17)
DA:1,3
DA:8,3
DA:9,3
DA:14,117
DA:17,80
DA:18,80
DA:19,80
DA:24,80
DA:25,80
DA:26,80
DA:27,80
DA:28,80
DA:32,123
DA:33,63
DA:34,63
DA:35,63
DA:37,0
DA:42,193
DA:46,101
DA:47,100
DA:49,1
DA:53,120
DA:61,101
DA:62,100
DA:64,1
DA:68,73
DA:76,20
DA:78,30
DA:83,77
DA:89,43
DA:95,43
DA:96,63
DA:99,43
DA:113,13
DA:114,13
DA:115,13
DA:116,29
DA:117,22
DA:118,8
DA:119,6
DA:120,8
DA:121,14
DA:122,7
DA:123,7
DA:124,7
DA:125,3
DA:126,3
DA:128,7
DA:129,6
DA:130,6
DA:131,13
DA:132,10
DA:133,12
DA:135,3
DA:137,6
DA:139,1
DA:141,0
DA:143,13
DA:144,8
DA:145,13
LF:60
LH:58
BRDA:21,0,0,37
BRDA:33,1,0,63
BRDA:33,1,1,0
BRDA:46,2,0,100
BRDA:46,2,1,1
BRDA:46,3,0,101
BRDA:46,3,1,42
BRDA:61,4,0,100
BRDA:61,4,1,1
BRDA:61,5,0,101
BRDA:61,5,1,59
BRDA:61,5,2,42
BRDA:61,5,3,42
BRDA:75,6,0,9
BRDA:76,7,0,9
BRDA:76,7,1,11
BRDA:88,8,0,22
BRDA:90,9,0,22
BRDA:90,9,1,21
BRDA:91,10,0,22
BRDA:91,10,1,0
BRDA:97,11,0,21
BRDA:97,11,1,42
BRDA:116,12,0,22
BRDA:116,12,1,7
BRDA:117,13,0,8
BRDA:117,13,1,14
BRDA:118,14,0,6
BRDA:118,14,1,2
BRDA:122,15,0,7
BRDA:122,15,1,0
BRDA:123,16,0,7
BRDA:123,16,1,0
BRDA:124,17,0,3
BRDA:124,17,1,4
BRDA:128,18,0,6
BRDA:128,18,1,1
BRDA:131,19,0,10
BRDA:131,19,1,3
BRDA:143,20,0,8
BRDA:143,20,1,5
BRF:41
BRH:37
end_of_record
TN:
SF:/Users/huba/repos/vue-expression-builder/src/core/Interfaces.ts
FN:18,isIExpressionNode
FN:30,isICondition
FNF:2
FNH:2
FNDA:63,isIExpressionNode
FNDA:79,isICondition
DA:19,63
DA:31,79
LF:2
LH:2
BRDA:19,0,0,63
BRDA:19,0,1,63
BRDA:31,1,0,79
BRDA:31,1,1,79
BRF:4
BRH:4
end_of_record
TN:
SF:/Users/huba/repos/vue-expression-builder/tests/utils.ts
FNF:0
FNH:0
DA:3,3
LF:1
LH:1
BRF:0
BRH:0
end_of_record
